2015/04/09 - 12:20:17 initialized log file
screen resoluton: 1920.0 x 1080.0
set name: p
selected source file: 1_10.json
2015/04/09 - 12:20:17 displayed content of movie ID=1
panel positions:
65.0 24.0 1920.0 1080.0 - frame
65.0 24.0 1920.0 1080.0 - contentPane
70.0 29.0 977.0 1075.0 - leftPane
1007.0 29.0 1914.0 1075.0 - rightPane
70.0 83.0 977.0 223.0 - imdbTitlePane
70.0 277.0 977.0 417.0 - csfdTitlePane
70.0 471.0 977.0 1010.0 - descriptionPane
367.0 1019.0 679.0 1064.0 - footerPane
2015/04/09 - 12:20:17 Button positions:
523.0 1019.0 679.0 1064.0 - Next button
2015/04/09 - 12:20:17 Label positions:
70.0 29.0 977.0 83.0 - imdb title label
70.0 223.0 977.0 277.0 - csfd title label
70.0 417.0 977.0 471.0 - description label
367.0 1019.0 523.0 1064.0 - id label
2015/04/09 - 12:20:17 IMDB Title text positions:
75.0 88.0 183.0 123.0 Príchod
188.0 88.0 268.0 123.0 vlaku
273.0 88.0 311.0 123.0 do
316.0 88.0 424.0 123.0 stanice
429.0 88.0 467.0 123.0 La
472.0 88.0 566.0 123.0 Ciotat
2015/04/09 - 12:20:17 CSFD Title text positions:
75.0 282.0 183.0 317.0 Arrivée
188.0 282.0 254.0 317.0 d'un
259.0 282.0 339.0 317.0 train
344.0 282.0 368.0 317.0 à
373.0 282.0 411.0 317.0 la
416.0 282.0 524.0 317.0 Ciotat,
529.0 282.0 567.0 317.0 L'
2015/04/09 - 12:20:17 Description text positions:
75.0 476.0 99.0 511.0 A
104.0 476.0 184.0 511.0 group
189.0 476.0 227.0 511.0 of
232.0 476.0 326.0 511.0 people
331.0 476.0 383.0 511.0 are
388.0 476.0 510.0 511.0 standing
515.0 476.0 553.0 511.0 in
558.0 476.0 582.0 511.0 a
587.0 476.0 709.0 511.0 straight
714.0 476.0 780.0 511.0 line
785.0 476.0 865.0 511.0 along
870.0 476.0 922.0 511.0 the
75.0 516.0 197.0 551.0 platform
202.0 516.0 240.0 551.0 of
245.0 516.0 269.0 551.0 a
274.0 516.0 382.0 551.0 railway
387.0 516.0 509.0 551.0 station,
514.0 516.0 622.0 551.0 waiting
627.0 516.0 679.0 551.0 for
684.0 516.0 708.0 551.0 a
713.0 516.0 807.0 551.0 train,
812.0 516.0 892.0 551.0 which
897.0 516.0 935.0 551.0 is
75.0 556.0 141.0 591.0 seen
146.0 556.0 240.0 591.0 coming
245.0 556.0 283.0 591.0 at
288.0 556.0 354.0 591.0 some
359.0 556.0 495.0 591.0 distance.
500.0 556.0 566.0 591.0 When
571.0 556.0 623.0 591.0 the
628.0 556.0 708.0 591.0 train
713.0 556.0 793.0 591.0 stops
798.0 556.0 836.0 591.0 at
841.0 556.0 893.0 591.0 the
75.0 596.0 211.0 631.0 platform,
216.0 596.0 268.0 631.0 the
273.0 596.0 339.0 631.0 line
344.0 596.0 494.0 631.0 dissolves.
499.0 596.0 551.0 631.0 The
556.0 596.0 636.0 631.0 doors
641.0 596.0 679.0 631.0 of
684.0 596.0 736.0 631.0 the
741.0 596.0 919.0 631.0 railway-cars
75.0 636.0 155.0 671.0 open,
160.0 636.0 212.0 671.0 and
217.0 636.0 311.0 671.0 people
316.0 636.0 354.0 671.0 on
359.0 636.0 411.0 671.0 the
416.0 636.0 538.0 671.0 platform
543.0 636.0 609.0 671.0 help
614.0 636.0 764.0 671.0 passengers
769.0 636.0 807.0 671.0 to
812.0 636.0 864.0 671.0 get
869.0 636.0 935.0 671.0 off.
2015/04/09 - 12:20:17 Category positions:
1037.0 84.0 1465.0 129.0 Philosophy
1485.0 84.0 1913.0 129.0 Society
1037.0 149.0 1465.0 194.0 Traveling
1485.0 149.0 1913.0 194.0 Economics
1037.0 214.0 1465.0 259.0 Animals
1485.0 214.0 1913.0 259.0 Psychology
1037.0 279.0 1465.0 324.0 Geography
1485.0 279.0 1913.0 324.0 Sports
1037.0 344.0 1465.0 389.0 Nature
1485.0 344.0 1913.0 389.0 Conspiracy
1037.0 409.0 1465.0 454.0 Art and Artists
1485.0 409.0 1913.0 454.0 Adventure
1037.0 474.0 1465.0 519.0 Culture
1485.0 474.0 1913.0 519.0 Catastriphic
1037.0 539.0 1465.0 584.0 Housing
1485.0 539.0 1913.0 584.0 Mystery
1037.0 604.0 1465.0 649.0 Health
1485.0 604.0 1913.0 649.0 Nothing
1037.0 669.0 1465.0 714.0 Crime
1485.0 669.0 1913.0 714.0 Science
1037.0 734.0 1465.0 779.0 Military and War
1485.0 734.0 1913.0 779.0 Media
1037.0 799.0 1465.0 844.0 History
1485.0 799.0 1913.0 844.0 Comedy
1037.0 864.0 1465.0 909.0 Biography
1485.0 864.0 1913.0 909.0 Politics
1037.0 929.0 1465.0 974.0 Environment
1485.0 929.0 1913.0 974.0 Religion
1037.0 994.0 1465.0 1039.0 Technology
1485.0 994.0 1913.0 1039.0 Drugs
2015/04/09 - 12:20:18 Clicked button val=Military and War and set as primary category
2015/04/09 - 12:20:19 clicked button Next
2015/04/09 - 12:20:19 displayed content of movie ID=2
panel positions:
65.0 24.0 1920.0 1080.0 - frame
65.0 24.0 1920.0 1080.0 - contentPane
70.0 29.0 977.0 1075.0 - leftPane
1007.0 29.0 1914.0 1075.0 - rightPane
70.0 83.0 977.0 223.0 - imdbTitlePane
70.0 277.0 977.0 417.0 - csfdTitlePane
70.0 471.0 977.0 1010.0 - descriptionPane
283.0 1019.0 763.0 1064.0 - footerPane
2015/04/09 - 12:20:19 Button positions:
523.0 1019.0 763.0 1064.0 - Next button
2015/04/09 - 12:20:19 Label positions:
70.0 29.0 977.0 83.0 - imdb title label
70.0 223.0 977.0 277.0 - csfd title label
70.0 417.0 977.0 471.0 - description label
283.0 1019.0 523.0 1064.0 - id label
2015/04/09 - 12:20:19 IMDB Title text positions:
75.0 88.0 113.0 123.0 La
118.0 88.0 212.0 123.0 Sortie
217.0 88.0 255.0 123.0 de
260.0 88.0 368.0 123.0 l'Usine
373.0 88.0 481.0 123.0 Lumière
486.0 88.0 510.0 123.0 à
515.0 88.0 581.0 123.0 Lyon
586.0 88.0 638.0 123.0 (le
643.0 88.0 751.0 123.0 Premier
756.0 88.0 836.0 123.0 Film)
2015/04/09 - 12:20:19 CSFD Title text positions:
75.0 282.0 169.0 317.0 Sortie
174.0 282.0 226.0 317.0 des
231.0 282.0 325.0 317.0 usines
330.0 282.0 452.0 317.0 Lumière,
457.0 282.0 495.0 317.0 La
2015/04/09 - 12:20:19 Description text positions:
75.0 476.0 99.0 511.0 A
104.0 476.0 156.0 511.0 man
161.0 476.0 241.0 511.0 opens
246.0 476.0 298.0 511.0 the
303.0 476.0 355.0 511.0 big
360.0 476.0 440.0 511.0 gates
445.0 476.0 483.0 511.0 to
488.0 476.0 540.0 511.0 the
545.0 476.0 653.0 511.0 Lumière
658.0 476.0 780.0 511.0 factory.
785.0 476.0 893.0 511.0 Through
898.0 476.0 950.0 511.0 the
75.0 516.0 183.0 551.0 gateway
188.0 516.0 240.0 551.0 and
245.0 516.0 269.0 551.0 a
274.0 516.0 382.0 551.0 smaller
387.0 516.0 495.0 551.0 doorway
500.0 516.0 594.0 551.0 beside
599.0 516.0 651.0 551.0 it,
656.0 516.0 764.0 551.0 workers
769.0 516.0 821.0 551.0 are
826.0 516.0 962.0 551.0 streaming
75.0 556.0 141.0 591.0 out,
146.0 556.0 254.0 591.0 turning
259.0 556.0 353.0 591.0 either
358.0 556.0 424.0 591.0 left
429.0 556.0 467.0 591.0 or
472.0 556.0 566.0 591.0 right.
571.0 556.0 637.0 591.0 Most
642.0 556.0 680.0 591.0 of
685.0 556.0 751.0 591.0 them
756.0 556.0 808.0 591.0 are
813.0 556.0 893.0 591.0 women
898.0 556.0 936.0 591.0 in
75.0 596.0 141.0 631.0 long
146.0 596.0 254.0 631.0 dresses
259.0 596.0 311.0 631.0 and
316.0 596.0 368.0 631.0 big
373.0 596.0 453.0 631.0 hats,
458.0 596.0 510.0 631.0 but
515.0 596.0 581.0 631.0 some
586.0 596.0 638.0 631.0 are
643.0 596.0 709.0 631.0 men.
714.0 596.0 836.0 631.0 Suddenly
841.0 596.0 865.0 631.0 a
870.0 596.0 922.0 631.0 man
75.0 636.0 141.0 671.0 with
146.0 636.0 170.0 671.0 a
175.0 636.0 241.0 671.0 long
246.0 636.0 326.0 671.0 apron
331.0 636.0 425.0 671.0 rushes
430.0 636.0 482.0 671.0 out
487.0 636.0 595.0 671.0 through
600.0 636.0 652.0 671.0 the
657.0 636.0 751.0 671.0 crowd,
756.0 636.0 878.0 671.0 followed
883.0 636.0 921.0 671.0 by
926.0 636.0 950.0 671.0 a
75.0 676.0 127.0 711.0 big
132.0 676.0 198.0 711.0 dog.
203.0 676.0 241.0 711.0 At
246.0 676.0 312.0 711.0 last
317.0 676.0 383.0 711.0 some
388.0 676.0 440.0 711.0 men
445.0 676.0 483.0 711.0 on
488.0 676.0 568.0 711.0 bikes
573.0 676.0 653.0 711.0 leave
658.0 676.0 710.0 711.0 the
715.0 676.0 837.0 711.0 gateway.
842.0 676.0 908.0 711.0 When
913.0 676.0 965.0 711.0 all
75.0 716.0 183.0 751.0 workers
188.0 716.0 254.0 751.0 have
259.0 716.0 325.0 751.0 left
330.0 716.0 382.0 751.0 the
387.0 716.0 509.0 751.0 factory,
514.0 716.0 566.0 751.0 the
571.0 716.0 721.0 751.0 doorkeeper
726.0 716.0 820.0 751.0 starts
825.0 716.0 933.0 751.0 closing
75.0 756.0 127.0 791.0 the
132.0 756.0 212.0 791.0 gates
217.0 756.0 311.0 791.0 again.
2015/04/09 - 12:20:20 Application closed
2015/04/09 - 12:23:37 initialized log file
screen resoluton: 1920.0 x 1080.0
set name: p
selected source file: 1_10.json
2015/04/09 - 12:23:37 displayed content of movie ID=1
panel positions:
65.0 24.0 1920.0 1080.0 - frame
65.0 24.0 1920.0 1080.0 - contentPane
70.0 29.0 977.0 1075.0 - leftPane
1007.0 29.0 1914.0 1075.0 - rightPane
70.0 83.0 977.0 223.0 - imdbTitlePane
70.0 277.0 977.0 417.0 - csfdTitlePane
70.0 471.0 977.0 1010.0 - descriptionPane
367.0 1019.0 679.0 1064.0 - footerPane
2015/04/09 - 12:23:37 Button positions:
523.0 1019.0 679.0 1064.0 - Next button
2015/04/09 - 12:23:37 Label positions:
70.0 29.0 977.0 83.0 - imdb title label
70.0 223.0 977.0 277.0 - csfd title label
70.0 417.0 977.0 471.0 - description label
367.0 1019.0 523.0 1064.0 - id label
2015/04/09 - 12:23:37 IMDB Title text positions:
75.0 88.0 183.0 123.0 Príchod
188.0 88.0 268.0 123.0 vlaku
273.0 88.0 311.0 123.0 do
316.0 88.0 424.0 123.0 stanice
429.0 88.0 467.0 123.0 La
472.0 88.0 566.0 123.0 Ciotat
2015/04/09 - 12:23:37 CSFD Title text positions:
75.0 282.0 183.0 317.0 Arrivée
188.0 282.0 254.0 317.0 d'un
259.0 282.0 339.0 317.0 train
344.0 282.0 368.0 317.0 à
373.0 282.0 411.0 317.0 la
416.0 282.0 524.0 317.0 Ciotat,
529.0 282.0 567.0 317.0 L'
2015/04/09 - 12:23:37 Description text positions:
75.0 476.0 99.0 511.0 A
104.0 476.0 184.0 511.0 group
189.0 476.0 227.0 511.0 of
232.0 476.0 326.0 511.0 people
331.0 476.0 383.0 511.0 are
388.0 476.0 510.0 511.0 standing
515.0 476.0 553.0 511.0 in
558.0 476.0 582.0 511.0 a
587.0 476.0 709.0 511.0 straight
714.0 476.0 780.0 511.0 line
785.0 476.0 865.0 511.0 along
870.0 476.0 922.0 511.0 the
75.0 516.0 197.0 551.0 platform
202.0 516.0 240.0 551.0 of
245.0 516.0 269.0 551.0 a
274.0 516.0 382.0 551.0 railway
387.0 516.0 509.0 551.0 station,
514.0 516.0 622.0 551.0 waiting
627.0 516.0 679.0 551.0 for
684.0 516.0 708.0 551.0 a
713.0 516.0 807.0 551.0 train,
812.0 516.0 892.0 551.0 which
897.0 516.0 935.0 551.0 is
75.0 556.0 141.0 591.0 seen
146.0 556.0 240.0 591.0 coming
245.0 556.0 283.0 591.0 at
288.0 556.0 354.0 591.0 some
359.0 556.0 495.0 591.0 distance.
500.0 556.0 566.0 591.0 When
571.0 556.0 623.0 591.0 the
628.0 556.0 708.0 591.0 train
713.0 556.0 793.0 591.0 stops
798.0 556.0 836.0 591.0 at
841.0 556.0 893.0 591.0 the
75.0 596.0 211.0 631.0 platform,
216.0 596.0 268.0 631.0 the
273.0 596.0 339.0 631.0 line
344.0 596.0 494.0 631.0 dissolves.
499.0 596.0 551.0 631.0 The
556.0 596.0 636.0 631.0 doors
641.0 596.0 679.0 631.0 of
684.0 596.0 736.0 631.0 the
741.0 596.0 919.0 631.0 railway-cars
75.0 636.0 155.0 671.0 open,
160.0 636.0 212.0 671.0 and
217.0 636.0 311.0 671.0 people
316.0 636.0 354.0 671.0 on
359.0 636.0 411.0 671.0 the
416.0 636.0 538.0 671.0 platform
543.0 636.0 609.0 671.0 help
614.0 636.0 764.0 671.0 passengers
769.0 636.0 807.0 671.0 to
812.0 636.0 864.0 671.0 get
869.0 636.0 935.0 671.0 off.
2015/04/09 - 12:23:37 Category positions:
1037.0 84.0 1465.0 129.0 Adventure
1485.0 84.0 1913.0 129.0 Housing
1037.0 149.0 1465.0 194.0 Art and Artists
1485.0 149.0 1913.0 194.0 Catastriphic
1037.0 214.0 1465.0 259.0 Psychology
1485.0 214.0 1913.0 259.0 History
1037.0 279.0 1465.0 324.0 Comedy
1485.0 279.0 1913.0 324.0 Culture
1037.0 344.0 1465.0 389.0 Philosophy
1485.0 344.0 1913.0 389.0 Science
1037.0 409.0 1465.0 454.0 Religion
1485.0 409.0 1913.0 454.0 Military and War
1037.0 474.0 1465.0 519.0 Geography
1485.0 474.0 1913.0 519.0 Traveling
1037.0 539.0 1465.0 584.0 Media
1485.0 539.0 1913.0 584.0 Mystery
1037.0 604.0 1465.0 649.0 Animals
1485.0 604.0 1913.0 649.0 Biography
1037.0 669.0 1465.0 714.0 Nature
1485.0 669.0 1913.0 714.0 Drugs
1037.0 734.0 1465.0 779.0 Society
1485.0 734.0 1913.0 779.0 Nothing
1037.0 799.0 1465.0 844.0 Politics
1485.0 799.0 1913.0 844.0 Health
1037.0 864.0 1465.0 909.0 Crime
1485.0 864.0 1913.0 909.0 Conspiracy
1037.0 929.0 1465.0 974.0 Sports
1485.0 929.0 1913.0 974.0 Environment
1037.0 994.0 1465.0 1039.0 Economics
1485.0 994.0 1913.0 1039.0 Technology
2015/04/09 - 12:23:39 Clicked button val=Society and set as primary category
2015/04/09 - 12:23:40 clicked button Next
2015/04/09 - 12:23:40 displayed content of movie ID=2
panel positions:
65.0 24.0 1920.0 1080.0 - frame
65.0 24.0 1920.0 1080.0 - contentPane
70.0 29.0 977.0 1075.0 - leftPane
1007.0 29.0 1914.0 1075.0 - rightPane
70.0 83.0 977.0 223.0 - imdbTitlePane
70.0 277.0 977.0 417.0 - csfdTitlePane
70.0 471.0 977.0 1010.0 - descriptionPane
283.0 1019.0 763.0 1064.0 - footerPane
2015/04/09 - 12:23:40 Button positions:
523.0 1019.0 763.0 1064.0 - Next button
2015/04/09 - 12:23:40 Label positions:
70.0 29.0 977.0 83.0 - imdb title label
70.0 223.0 977.0 277.0 - csfd title label
70.0 417.0 977.0 471.0 - description label
283.0 1019.0 523.0 1064.0 - id label
2015/04/09 - 12:23:40 IMDB Title text positions:
75.0 88.0 113.0 123.0 La
118.0 88.0 212.0 123.0 Sortie
217.0 88.0 255.0 123.0 de
260.0 88.0 368.0 123.0 l'Usine
373.0 88.0 481.0 123.0 Lumière
486.0 88.0 510.0 123.0 à
515.0 88.0 581.0 123.0 Lyon
586.0 88.0 638.0 123.0 (le
643.0 88.0 751.0 123.0 Premier
756.0 88.0 836.0 123.0 Film)
2015/04/09 - 12:23:40 CSFD Title text positions:
75.0 282.0 169.0 317.0 Sortie
174.0 282.0 226.0 317.0 des
231.0 282.0 325.0 317.0 usines
330.0 282.0 452.0 317.0 Lumière,
457.0 282.0 495.0 317.0 La
2015/04/09 - 12:23:40 Description text positions:
75.0 476.0 99.0 511.0 A
104.0 476.0 156.0 511.0 man
161.0 476.0 241.0 511.0 opens
246.0 476.0 298.0 511.0 the
303.0 476.0 355.0 511.0 big
360.0 476.0 440.0 511.0 gates
445.0 476.0 483.0 511.0 to
488.0 476.0 540.0 511.0 the
545.0 476.0 653.0 511.0 Lumière
658.0 476.0 780.0 511.0 factory.
785.0 476.0 893.0 511.0 Through
898.0 476.0 950.0 511.0 the
75.0 516.0 183.0 551.0 gateway
188.0 516.0 240.0 551.0 and
245.0 516.0 269.0 551.0 a
274.0 516.0 382.0 551.0 smaller
387.0 516.0 495.0 551.0 doorway
500.0 516.0 594.0 551.0 beside
599.0 516.0 651.0 551.0 it,
656.0 516.0 764.0 551.0 workers
769.0 516.0 821.0 551.0 are
826.0 516.0 962.0 551.0 streaming
75.0 556.0 141.0 591.0 out,
146.0 556.0 254.0 591.0 turning
259.0 556.0 353.0 591.0 either
358.0 556.0 424.0 591.0 left
429.0 556.0 467.0 591.0 or
472.0 556.0 566.0 591.0 right.
571.0 556.0 637.0 591.0 Most
642.0 556.0 680.0 591.0 of
685.0 556.0 751.0 591.0 them
756.0 556.0 808.0 591.0 are
813.0 556.0 893.0 591.0 women
898.0 556.0 936.0 591.0 in
75.0 596.0 141.0 631.0 long
146.0 596.0 254.0 631.0 dresses
259.0 596.0 311.0 631.0 and
316.0 596.0 368.0 631.0 big
373.0 596.0 453.0 631.0 hats,
458.0 596.0 510.0 631.0 but
515.0 596.0 581.0 631.0 some
586.0 596.0 638.0 631.0 are
643.0 596.0 709.0 631.0 men.
714.0 596.0 836.0 631.0 Suddenly
841.0 596.0 865.0 631.0 a
870.0 596.0 922.0 631.0 man
75.0 636.0 141.0 671.0 with
146.0 636.0 170.0 671.0 a
175.0 636.0 241.0 671.0 long
246.0 636.0 326.0 671.0 apron
331.0 636.0 425.0 671.0 rushes
430.0 636.0 482.0 671.0 out
487.0 636.0 595.0 671.0 through
600.0 636.0 652.0 671.0 the
657.0 636.0 751.0 671.0 crowd,
756.0 636.0 878.0 671.0 followed
883.0 636.0 921.0 671.0 by
926.0 636.0 950.0 671.0 a
75.0 676.0 127.0 711.0 big
132.0 676.0 198.0 711.0 dog.
203.0 676.0 241.0 711.0 At
246.0 676.0 312.0 711.0 last
317.0 676.0 383.0 711.0 some
388.0 676.0 440.0 711.0 men
445.0 676.0 483.0 711.0 on
488.0 676.0 568.0 711.0 bikes
573.0 676.0 653.0 711.0 leave
658.0 676.0 710.0 711.0 the
715.0 676.0 837.0 711.0 gateway.
842.0 676.0 908.0 711.0 When
913.0 676.0 965.0 711.0 all
75.0 716.0 183.0 751.0 workers
188.0 716.0 254.0 751.0 have
259.0 716.0 325.0 751.0 left
330.0 716.0 382.0 751.0 the
387.0 716.0 509.0 751.0 factory,
514.0 716.0 566.0 751.0 the
571.0 716.0 721.0 751.0 doorkeeper
726.0 716.0 820.0 751.0 starts
825.0 716.0 933.0 751.0 closing
75.0 756.0 127.0 791.0 the
132.0 756.0 212.0 791.0 gates
217.0 756.0 311.0 791.0 again.
2015/04/09 - 12:23:41 Application closed
2015/04/09 - 12:25:06 initialized log file
screen resoluton: 1920.0 x 1080.0
set name: p
selected source file: 1_10.json
2015/04/09 - 12:25:06 displayed content of movie ID=1
panel positions:
65.0 24.0 1920.0 1080.0 - frame
65.0 24.0 1920.0 1080.0 - contentPane
70.0 29.0 977.0 1075.0 - leftPane
1007.0 29.0 1914.0 1075.0 - rightPane
70.0 83.0 977.0 223.0 - imdbTitlePane
70.0 277.0 977.0 417.0 - csfdTitlePane
70.0 471.0 977.0 1010.0 - descriptionPane
367.0 1019.0 679.0 1064.0 - footerPane
2015/04/09 - 12:25:06 Button positions:
523.0 1019.0 679.0 1064.0 - Next button
2015/04/09 - 12:25:06 Label positions:
70.0 29.0 977.0 83.0 - imdb title label
70.0 223.0 977.0 277.0 - csfd title label
70.0 417.0 977.0 471.0 - description label
367.0 1019.0 523.0 1064.0 - id label
2015/04/09 - 12:25:06 IMDB Title text positions:
75.0 88.0 183.0 123.0 Príchod
188.0 88.0 268.0 123.0 vlaku
273.0 88.0 311.0 123.0 do
316.0 88.0 424.0 123.0 stanice
429.0 88.0 467.0 123.0 La
472.0 88.0 566.0 123.0 Ciotat
2015/04/09 - 12:25:06 CSFD Title text positions:
75.0 282.0 183.0 317.0 Arrivée
188.0 282.0 254.0 317.0 d'un
259.0 282.0 339.0 317.0 train
344.0 282.0 368.0 317.0 à
373.0 282.0 411.0 317.0 la
416.0 282.0 524.0 317.0 Ciotat,
529.0 282.0 567.0 317.0 L'
2015/04/09 - 12:25:06 Description text positions:
75.0 476.0 99.0 511.0 A
104.0 476.0 184.0 511.0 group
189.0 476.0 227.0 511.0 of
232.0 476.0 326.0 511.0 people
331.0 476.0 383.0 511.0 are
388.0 476.0 510.0 511.0 standing
515.0 476.0 553.0 511.0 in
558.0 476.0 582.0 511.0 a
587.0 476.0 709.0 511.0 straight
714.0 476.0 780.0 511.0 line
785.0 476.0 865.0 511.0 along
870.0 476.0 922.0 511.0 the
75.0 516.0 197.0 551.0 platform
202.0 516.0 240.0 551.0 of
245.0 516.0 269.0 551.0 a
274.0 516.0 382.0 551.0 railway
387.0 516.0 509.0 551.0 station,
514.0 516.0 622.0 551.0 waiting
627.0 516.0 679.0 551.0 for
684.0 516.0 708.0 551.0 a
713.0 516.0 807.0 551.0 train,
812.0 516.0 892.0 551.0 which
897.0 516.0 935.0 551.0 is
75.0 556.0 141.0 591.0 seen
146.0 556.0 240.0 591.0 coming
245.0 556.0 283.0 591.0 at
288.0 556.0 354.0 591.0 some
359.0 556.0 495.0 591.0 distance.
500.0 556.0 566.0 591.0 When
571.0 556.0 623.0 591.0 the
628.0 556.0 708.0 591.0 train
713.0 556.0 793.0 591.0 stops
798.0 556.0 836.0 591.0 at
841.0 556.0 893.0 591.0 the
75.0 596.0 211.0 631.0 platform,
216.0 596.0 268.0 631.0 the
273.0 596.0 339.0 631.0 line
344.0 596.0 494.0 631.0 dissolves.
499.0 596.0 551.0 631.0 The
556.0 596.0 636.0 631.0 doors
641.0 596.0 679.0 631.0 of
684.0 596.0 736.0 631.0 the
741.0 596.0 919.0 631.0 railway-cars
75.0 636.0 155.0 671.0 open,
160.0 636.0 212.0 671.0 and
217.0 636.0 311.0 671.0 people
316.0 636.0 354.0 671.0 on
359.0 636.0 411.0 671.0 the
416.0 636.0 538.0 671.0 platform
543.0 636.0 609.0 671.0 help
614.0 636.0 764.0 671.0 passengers
769.0 636.0 807.0 671.0 to
812.0 636.0 864.0 671.0 get
869.0 636.0 935.0 671.0 off.
2015/04/09 - 12:25:06 Category positions:
1037.0 84.0 1465.0 129.0 Nature
1485.0 84.0 1913.0 129.0 Sports
1037.0 149.0 1465.0 194.0 Politics
1485.0 149.0 1913.0 194.0 History
1037.0 214.0 1465.0 259.0 Religion
1485.0 214.0 1913.0 259.0 Nothing
1037.0 279.0 1465.0 324.0 Military and War
1485.0 279.0 1913.0 324.0 Art and Artists
1037.0 344.0 1465.0 389.0 Environment
1485.0 344.0 1913.0 389.0 Conspiracy
1037.0 409.0 1465.0 454.0 Culture
1485.0 409.0 1913.0 454.0 Philosophy
1037.0 474.0 1465.0 519.0 Psychology
1485.0 474.0 1913.0 519.0 Traveling
1037.0 539.0 1465.0 584.0 Mystery
1485.0 539.0 1913.0 584.0 Geography
1037.0 604.0 1465.0 649.0 Biography
1485.0 604.0 1913.0 649.0 Health
1037.0 669.0 1465.0 714.0 Society
1485.0 669.0 1913.0 714.0 Science
1037.0 734.0 1465.0 779.0 Drugs
1485.0 734.0 1913.0 779.0 Adventure
1037.0 799.0 1465.0 844.0 Catastriphic
1485.0 799.0 1913.0 844.0 Technology
1037.0 864.0 1465.0 909.0 Crime
1485.0 864.0 1913.0 909.0 Economics
1037.0 929.0 1465.0 974.0 Media
1485.0 929.0 1913.0 974.0 Comedy
1037.0 994.0 1465.0 1039.0 Housing
1485.0 994.0 1913.0 1039.0 Animals
2015/04/09 - 12:25:07 Clicked button val=Biography and set as primary category
2015/04/09 - 12:25:08 clicked button Next
2015/04/09 - 12:25:08 displayed content of movie ID=2
panel positions:
65.0 24.0 1920.0 1080.0 - frame
65.0 24.0 1920.0 1080.0 - contentPane
70.0 29.0 977.0 1075.0 - leftPane
1007.0 29.0 1914.0 1075.0 - rightPane
70.0 83.0 977.0 223.0 - imdbTitlePane
70.0 277.0 977.0 417.0 - csfdTitlePane
70.0 471.0 977.0 1010.0 - descriptionPane
283.0 1019.0 763.0 1064.0 - footerPane
2015/04/09 - 12:25:08 Button positions:
523.0 1019.0 763.0 1064.0 - Next button
2015/04/09 - 12:25:08 Label positions:
70.0 29.0 977.0 83.0 - imdb title label
70.0 223.0 977.0 277.0 - csfd title label
70.0 417.0 977.0 471.0 - description label
283.0 1019.0 523.0 1064.0 - id label
2015/04/09 - 12:25:08 IMDB Title text positions:
75.0 88.0 113.0 123.0 La
118.0 88.0 212.0 123.0 Sortie
217.0 88.0 255.0 123.0 de
260.0 88.0 368.0 123.0 l'Usine
373.0 88.0 481.0 123.0 Lumière
486.0 88.0 510.0 123.0 à
515.0 88.0 581.0 123.0 Lyon
586.0 88.0 638.0 123.0 (le
643.0 88.0 751.0 123.0 Premier
756.0 88.0 836.0 123.0 Film)
2015/04/09 - 12:25:08 CSFD Title text positions:
75.0 282.0 169.0 317.0 Sortie
174.0 282.0 226.0 317.0 des
231.0 282.0 325.0 317.0 usines
330.0 282.0 452.0 317.0 Lumière,
457.0 282.0 495.0 317.0 La
2015/04/09 - 12:25:08 Description text positions:
75.0 476.0 99.0 511.0 A
104.0 476.0 156.0 511.0 man
161.0 476.0 241.0 511.0 opens
246.0 476.0 298.0 511.0 the
303.0 476.0 355.0 511.0 big
360.0 476.0 440.0 511.0 gates
445.0 476.0 483.0 511.0 to
488.0 476.0 540.0 511.0 the
545.0 476.0 653.0 511.0 Lumière
658.0 476.0 780.0 511.0 factory.
785.0 476.0 893.0 511.0 Through
898.0 476.0 950.0 511.0 the
75.0 516.0 183.0 551.0 gateway
188.0 516.0 240.0 551.0 and
245.0 516.0 269.0 551.0 a
274.0 516.0 382.0 551.0 smaller
387.0 516.0 495.0 551.0 doorway
500.0 516.0 594.0 551.0 beside
599.0 516.0 651.0 551.0 it,
656.0 516.0 764.0 551.0 workers
769.0 516.0 821.0 551.0 are
826.0 516.0 962.0 551.0 streaming
75.0 556.0 141.0 591.0 out,
146.0 556.0 254.0 591.0 turning
259.0 556.0 353.0 591.0 either
358.0 556.0 424.0 591.0 left
429.0 556.0 467.0 591.0 or
472.0 556.0 566.0 591.0 right.
571.0 556.0 637.0 591.0 Most
642.0 556.0 680.0 591.0 of
685.0 556.0 751.0 591.0 them
756.0 556.0 808.0 591.0 are
813.0 556.0 893.0 591.0 women
898.0 556.0 936.0 591.0 in
75.0 596.0 141.0 631.0 long
146.0 596.0 254.0 631.0 dresses
259.0 596.0 311.0 631.0 and
316.0 596.0 368.0 631.0 big
373.0 596.0 453.0 631.0 hats,
458.0 596.0 510.0 631.0 but
515.0 596.0 581.0 631.0 some
586.0 596.0 638.0 631.0 are
643.0 596.0 709.0 631.0 men.
714.0 596.0 836.0 631.0 Suddenly
841.0 596.0 865.0 631.0 a
870.0 596.0 922.0 631.0 man
75.0 636.0 141.0 671.0 with
146.0 636.0 170.0 671.0 a
175.0 636.0 241.0 671.0 long
246.0 636.0 326.0 671.0 apron
331.0 636.0 425.0 671.0 rushes
430.0 636.0 482.0 671.0 out
487.0 636.0 595.0 671.0 through
600.0 636.0 652.0 671.0 the
657.0 636.0 751.0 671.0 crowd,
756.0 636.0 878.0 671.0 followed
883.0 636.0 921.0 671.0 by
926.0 636.0 950.0 671.0 a
75.0 676.0 127.0 711.0 big
132.0 676.0 198.0 711.0 dog.
203.0 676.0 241.0 711.0 At
246.0 676.0 312.0 711.0 last
317.0 676.0 383.0 711.0 some
388.0 676.0 440.0 711.0 men
445.0 676.0 483.0 711.0 on
488.0 676.0 568.0 711.0 bikes
573.0 676.0 653.0 711.0 leave
658.0 676.0 710.0 711.0 the
715.0 676.0 837.0 711.0 gateway.
842.0 676.0 908.0 711.0 When
913.0 676.0 965.0 711.0 all
75.0 716.0 183.0 751.0 workers
188.0 716.0 254.0 751.0 have
259.0 716.0 325.0 751.0 left
330.0 716.0 382.0 751.0 the
387.0 716.0 509.0 751.0 factory,
514.0 716.0 566.0 751.0 the
571.0 716.0 721.0 751.0 doorkeeper
726.0 716.0 820.0 751.0 starts
825.0 716.0 933.0 751.0 closing
75.0 756.0 127.0 791.0 the
132.0 756.0 212.0 791.0 gates
217.0 756.0 311.0 791.0 again.
2015/04/09 - 12:25:09 Application closed
2015/04/09 - 12:27:57 initialized log file
screen resoluton: 1920.0 x 1080.0
set name: p
selected source file: 1_10.json
2015/04/09 - 12:27:58 displayed content of movie ID=1
panel positions:
65.0 24.0 1920.0 1080.0 - frame
65.0 24.0 1920.0 1080.0 - contentPane
70.0 29.0 977.0 1075.0 - leftPane
1007.0 29.0 1914.0 1075.0 - rightPane
70.0 83.0 977.0 223.0 - imdbTitlePane
70.0 277.0 977.0 417.0 - csfdTitlePane
70.0 471.0 977.0 1010.0 - descriptionPane
367.0 1019.0 679.0 1064.0 - footerPane
2015/04/09 - 12:27:58 Button positions:
523.0 1019.0 679.0 1064.0 - Next button
2015/04/09 - 12:27:58 Label positions:
70.0 29.0 977.0 83.0 - imdb title label
70.0 223.0 977.0 277.0 - csfd title label
70.0 417.0 977.0 471.0 - description label
367.0 1019.0 523.0 1064.0 - id label
2015/04/09 - 12:27:58 IMDB Title text positions:
75.0 88.0 183.0 123.0 Príchod
188.0 88.0 268.0 123.0 vlaku
273.0 88.0 311.0 123.0 do
316.0 88.0 424.0 123.0 stanice
429.0 88.0 467.0 123.0 La
472.0 88.0 566.0 123.0 Ciotat
2015/04/09 - 12:27:58 CSFD Title text positions:
75.0 282.0 183.0 317.0 Arrivée
188.0 282.0 254.0 317.0 d'un
259.0 282.0 339.0 317.0 train
344.0 282.0 368.0 317.0 à
373.0 282.0 411.0 317.0 la
416.0 282.0 524.0 317.0 Ciotat,
529.0 282.0 567.0 317.0 L'
2015/04/09 - 12:27:58 Description text positions:
75.0 476.0 99.0 511.0 A
104.0 476.0 184.0 511.0 group
189.0 476.0 227.0 511.0 of
232.0 476.0 326.0 511.0 people
331.0 476.0 383.0 511.0 are
388.0 476.0 510.0 511.0 standing
515.0 476.0 553.0 511.0 in
558.0 476.0 582.0 511.0 a
587.0 476.0 709.0 511.0 straight
714.0 476.0 780.0 511.0 line
785.0 476.0 865.0 511.0 along
870.0 476.0 922.0 511.0 the
75.0 516.0 197.0 551.0 platform
202.0 516.0 240.0 551.0 of
245.0 516.0 269.0 551.0 a
274.0 516.0 382.0 551.0 railway
387.0 516.0 509.0 551.0 station,
514.0 516.0 622.0 551.0 waiting
627.0 516.0 679.0 551.0 for
684.0 516.0 708.0 551.0 a
713.0 516.0 807.0 551.0 train,
812.0 516.0 892.0 551.0 which
897.0 516.0 935.0 551.0 is
75.0 556.0 141.0 591.0 seen
146.0 556.0 240.0 591.0 coming
245.0 556.0 283.0 591.0 at
288.0 556.0 354.0 591.0 some
359.0 556.0 495.0 591.0 distance.
500.0 556.0 566.0 591.0 When
571.0 556.0 623.0 591.0 the
628.0 556.0 708.0 591.0 train
713.0 556.0 793.0 591.0 stops
798.0 556.0 836.0 591.0 at
841.0 556.0 893.0 591.0 the
75.0 596.0 211.0 631.0 platform,
216.0 596.0 268.0 631.0 the
273.0 596.0 339.0 631.0 line
344.0 596.0 494.0 631.0 dissolves.
499.0 596.0 551.0 631.0 The
556.0 596.0 636.0 631.0 doors
641.0 596.0 679.0 631.0 of
684.0 596.0 736.0 631.0 the
741.0 596.0 919.0 631.0 railway-cars
75.0 636.0 155.0 671.0 open,
160.0 636.0 212.0 671.0 and
217.0 636.0 311.0 671.0 people
316.0 636.0 354.0 671.0 on
359.0 636.0 411.0 671.0 the
416.0 636.0 538.0 671.0 platform
543.0 636.0 609.0 671.0 help
614.0 636.0 764.0 671.0 passengers
769.0 636.0 807.0 671.0 to
812.0 636.0 864.0 671.0 get
869.0 636.0 935.0 671.0 off.
2015/04/09 - 12:27:58 Category positions:
1037.0 84.0 1465.0 129.0 Biography
1485.0 84.0 1913.0 129.0 Geography
1037.0 149.0 1465.0 194.0 History
1485.0 149.0 1913.0 194.0 Science
1037.0 214.0 1465.0 259.0 Art and Artists
1485.0 214.0 1913.0 259.0 Drugs
1037.0 279.0 1465.0 324.0 Religion
1485.0 279.0 1913.0 324.0 Sports
1037.0 344.0 1465.0 389.0 Traveling
1485.0 344.0 1913.0 389.0 Culture
1037.0 409.0 1465.0 454.0 Politics
1485.0 409.0 1913.0 454.0 Nature
1037.0 474.0 1465.0 519.0 Society
1485.0 474.0 1913.0 519.0 Military and War
1037.0 539.0 1465.0 584.0 Comedy
1485.0 539.0 1913.0 584.0 Health
1037.0 604.0 1465.0 649.0 Catastriphic
1485.0 604.0 1913.0 649.0 Psychology
1037.0 669.0 1465.0 714.0 Economics
1485.0 669.0 1913.0 714.0 Adventure
1037.0 734.0 1465.0 779.0 Housing
1485.0 734.0 1913.0 779.0 Conspiracy
1037.0 799.0 1465.0 844.0 Philosophy
1485.0 799.0 1913.0 844.0 Environment
1037.0 864.0 1465.0 909.0 Media
1485.0 864.0 1913.0 909.0 Animals
1037.0 929.0 1465.0 974.0 Crime
1485.0 929.0 1913.0 974.0 Technology
1037.0 994.0 1465.0 1039.0 Mystery
1485.0 994.0 1913.0 1039.0 Nothing
2015/04/09 - 12:27:59 Clicked button val=Economics and set as primary category
2015/04/09 - 12:28:00 clicked button Next
2015/04/09 - 12:28:00 displayed content of movie ID=2
panel positions:
65.0 24.0 1920.0 1080.0 - frame
65.0 24.0 1920.0 1080.0 - contentPane
70.0 29.0 977.0 1075.0 - leftPane
1007.0 29.0 1914.0 1075.0 - rightPane
70.0 83.0 977.0 223.0 - imdbTitlePane
70.0 277.0 977.0 417.0 - csfdTitlePane
70.0 471.0 977.0 1010.0 - descriptionPane
283.0 1019.0 763.0 1064.0 - footerPane
2015/04/09 - 12:28:00 Button positions:
523.0 1019.0 763.0 1064.0 - Next button
2015/04/09 - 12:28:00 Label positions:
70.0 29.0 977.0 83.0 - imdb title label
70.0 223.0 977.0 277.0 - csfd title label
70.0 417.0 977.0 471.0 - description label
283.0 1019.0 523.0 1064.0 - id label
2015/04/09 - 12:28:00 IMDB Title text positions:
75.0 88.0 113.0 123.0 La
118.0 88.0 212.0 123.0 Sortie
217.0 88.0 255.0 123.0 de
260.0 88.0 368.0 123.0 l'Usine
373.0 88.0 481.0 123.0 Lumière
486.0 88.0 510.0 123.0 à
515.0 88.0 581.0 123.0 Lyon
586.0 88.0 638.0 123.0 (le
643.0 88.0 751.0 123.0 Premier
756.0 88.0 836.0 123.0 Film)
2015/04/09 - 12:28:00 CSFD Title text positions:
75.0 282.0 169.0 317.0 Sortie
174.0 282.0 226.0 317.0 des
231.0 282.0 325.0 317.0 usines
330.0 282.0 452.0 317.0 Lumière,
457.0 282.0 495.0 317.0 La
2015/04/09 - 12:28:00 Description text positions:
75.0 476.0 99.0 511.0 A
104.0 476.0 156.0 511.0 man
161.0 476.0 241.0 511.0 opens
246.0 476.0 298.0 511.0 the
303.0 476.0 355.0 511.0 big
360.0 476.0 440.0 511.0 gates
445.0 476.0 483.0 511.0 to
488.0 476.0 540.0 511.0 the
545.0 476.0 653.0 511.0 Lumière
658.0 476.0 780.0 511.0 factory.
785.0 476.0 893.0 511.0 Through
898.0 476.0 950.0 511.0 the
75.0 516.0 183.0 551.0 gateway
188.0 516.0 240.0 551.0 and
245.0 516.0 269.0 551.0 a
274.0 516.0 382.0 551.0 smaller
387.0 516.0 495.0 551.0 doorway
500.0 516.0 594.0 551.0 beside
599.0 516.0 651.0 551.0 it,
656.0 516.0 764.0 551.0 workers
769.0 516.0 821.0 551.0 are
826.0 516.0 962.0 551.0 streaming
75.0 556.0 141.0 591.0 out,
146.0 556.0 254.0 591.0 turning
259.0 556.0 353.0 591.0 either
358.0 556.0 424.0 591.0 left
429.0 556.0 467.0 591.0 or
472.0 556.0 566.0 591.0 right.
571.0 556.0 637.0 591.0 Most
642.0 556.0 680.0 591.0 of
685.0 556.0 751.0 591.0 them
756.0 556.0 808.0 591.0 are
813.0 556.0 893.0 591.0 women
898.0 556.0 936.0 591.0 in
75.0 596.0 141.0 631.0 long
146.0 596.0 254.0 631.0 dresses
259.0 596.0 311.0 631.0 and
316.0 596.0 368.0 631.0 big
373.0 596.0 453.0 631.0 hats,
458.0 596.0 510.0 631.0 but
515.0 596.0 581.0 631.0 some
586.0 596.0 638.0 631.0 are
643.0 596.0 709.0 631.0 men.
714.0 596.0 836.0 631.0 Suddenly
841.0 596.0 865.0 631.0 a
870.0 596.0 922.0 631.0 man
75.0 636.0 141.0 671.0 with
146.0 636.0 170.0 671.0 a
175.0 636.0 241.0 671.0 long
246.0 636.0 326.0 671.0 apron
331.0 636.0 425.0 671.0 rushes
430.0 636.0 482.0 671.0 out
487.0 636.0 595.0 671.0 through
600.0 636.0 652.0 671.0 the
657.0 636.0 751.0 671.0 crowd,
756.0 636.0 878.0 671.0 followed
883.0 636.0 921.0 671.0 by
926.0 636.0 950.0 671.0 a
75.0 676.0 127.0 711.0 big
132.0 676.0 198.0 711.0 dog.
203.0 676.0 241.0 711.0 At
246.0 676.0 312.0 711.0 last
317.0 676.0 383.0 711.0 some
388.0 676.0 440.0 711.0 men
445.0 676.0 483.0 711.0 on
488.0 676.0 568.0 711.0 bikes
573.0 676.0 653.0 711.0 leave
658.0 676.0 710.0 711.0 the
715.0 676.0 837.0 711.0 gateway.
842.0 676.0 908.0 711.0 When
913.0 676.0 965.0 711.0 all
75.0 716.0 183.0 751.0 workers
188.0 716.0 254.0 751.0 have
259.0 716.0 325.0 751.0 left
330.0 716.0 382.0 751.0 the
387.0 716.0 509.0 751.0 factory,
514.0 716.0 566.0 751.0 the
571.0 716.0 721.0 751.0 doorkeeper
726.0 716.0 820.0 751.0 starts
825.0 716.0 933.0 751.0 closing
75.0 756.0 127.0 791.0 the
132.0 756.0 212.0 791.0 gates
217.0 756.0 311.0 791.0 again.
2015/04/09 - 12:28:01 Application closed
2015/04/10 - 01:17:21 initialized log file
screen resoluton: 1920.0 x 1080.0
set name: p
selected source file: 1_10.json
2015/04/10 - 01:17:21 displayed content of movie ID=1
panel positions:
65.0 24.0 1920.0 1080.0 - frame
65.0 24.0 1920.0 1080.0 - contentPane
70.0 29.0 977.0 1075.0 - leftPane
1007.0 29.0 1914.0 1075.0 - rightPane
70.0 83.0 977.0 223.0 - imdbTitlePane
70.0 277.0 977.0 417.0 - csfdTitlePane
70.0 471.0 977.0 1010.0 - descriptionPane
367.0 1019.0 679.0 1064.0 - footerPane
2015/04/10 - 01:17:21 Button positions:
523.0 1019.0 679.0 1064.0 - Next button
2015/04/10 - 01:17:21 Label positions:
70.0 29.0 977.0 83.0 - imdb title label
70.0 223.0 977.0 277.0 - csfd title label
70.0 417.0 977.0 471.0 - description label
367.0 1019.0 523.0 1064.0 - id label
2015/04/10 - 01:17:21 IMDB Title text positions:
75.0 88.0 183.0 123.0 Príchod
188.0 88.0 268.0 123.0 vlaku
273.0 88.0 311.0 123.0 do
316.0 88.0 424.0 123.0 stanice
429.0 88.0 467.0 123.0 La
472.0 88.0 566.0 123.0 Ciotat
2015/04/10 - 01:17:21 CSFD Title text positions:
75.0 282.0 183.0 317.0 Arrivée
188.0 282.0 254.0 317.0 d'un
259.0 282.0 339.0 317.0 train
344.0 282.0 368.0 317.0 à
373.0 282.0 411.0 317.0 la
416.0 282.0 524.0 317.0 Ciotat,
529.0 282.0 567.0 317.0 L'
2015/04/10 - 01:17:21 Description text positions:
75.0 476.0 99.0 511.0 A
104.0 476.0 184.0 511.0 group
189.0 476.0 227.0 511.0 of
232.0 476.0 326.0 511.0 people
331.0 476.0 383.0 511.0 are
388.0 476.0 510.0 511.0 standing
515.0 476.0 553.0 511.0 in
558.0 476.0 582.0 511.0 a
587.0 476.0 709.0 511.0 straight
714.0 476.0 780.0 511.0 line
785.0 476.0 865.0 511.0 along
870.0 476.0 922.0 511.0 the
75.0 516.0 197.0 551.0 platform
202.0 516.0 240.0 551.0 of
245.0 516.0 269.0 551.0 a
274.0 516.0 382.0 551.0 railway
387.0 516.0 509.0 551.0 station,
514.0 516.0 622.0 551.0 waiting
627.0 516.0 679.0 551.0 for
684.0 516.0 708.0 551.0 a
713.0 516.0 807.0 551.0 train,
812.0 516.0 892.0 551.0 which
897.0 516.0 935.0 551.0 is
75.0 556.0 141.0 591.0 seen
146.0 556.0 240.0 591.0 coming
245.0 556.0 283.0 591.0 at
288.0 556.0 354.0 591.0 some
359.0 556.0 495.0 591.0 distance.
500.0 556.0 566.0 591.0 When
571.0 556.0 623.0 591.0 the
628.0 556.0 708.0 591.0 train
713.0 556.0 793.0 591.0 stops
798.0 556.0 836.0 591.0 at
841.0 556.0 893.0 591.0 the
75.0 596.0 211.0 631.0 platform,
216.0 596.0 268.0 631.0 the
273.0 596.0 339.0 631.0 line
344.0 596.0 494.0 631.0 dissolves.
499.0 596.0 551.0 631.0 The
556.0 596.0 636.0 631.0 doors
641.0 596.0 679.0 631.0 of
684.0 596.0 736.0 631.0 the
741.0 596.0 919.0 631.0 railway-cars
75.0 636.0 155.0 671.0 open,
160.0 636.0 212.0 671.0 and
217.0 636.0 311.0 671.0 people
316.0 636.0 354.0 671.0 on
359.0 636.0 411.0 671.0 the
416.0 636.0 538.0 671.0 platform
543.0 636.0 609.0 671.0 help
614.0 636.0 764.0 671.0 passengers
769.0 636.0 807.0 671.0 to
812.0 636.0 864.0 671.0 get
869.0 636.0 935.0 671.0 off.
2015/04/10 - 01:17:21 Category positions:
1037.0 84.0 1465.0 129.0 Technology
1485.0 84.0 1913.0 129.0 Science
1037.0 149.0 1465.0 194.0 Nature
1485.0 149.0 1913.0 194.0 Geography
1037.0 214.0 1465.0 259.0 Environment
1485.0 214.0 1913.0 259.0 Health
1037.0 279.0 1465.0 324.0 Economics
1485.0 279.0 1913.0 324.0 Politics
1037.0 344.0 1465.0 389.0 Society
1485.0 344.0 1913.0 389.0 Culture
1037.0 409.0 1465.0 454.0 Philosophy
1485.0 409.0 1913.0 454.0 History
1037.0 474.0 1465.0 519.0 Military and War
1485.0 474.0 1913.0 519.0 Comedy
1037.0 539.0 1465.0 584.0 Sports
1485.0 539.0 1913.0 584.0 Mystery
1037.0 604.0 1465.0 649.0 Catastrophic
1485.0 604.0 1913.0 649.0 Animals
1037.0 669.0 1465.0 714.0 Adventure
1485.0 669.0 1913.0 714.0 Traveling
1037.0 734.0 1465.0 779.0 Drugs
1485.0 734.0 1913.0 779.0 Crime
1037.0 799.0 1465.0 844.0 Bigraphy
1485.0 799.0 1913.0 844.0 Religion
1037.0 864.0 1465.0 909.0 Psychology
1485.0 864.0 1913.0 909.0 Art and Artists
1037.0 929.0 1465.0 974.0 Conspiracy
1485.0 929.0 1913.0 974.0 Media
1037.0 994.0 1465.0 1039.0 Housing
1485.0 994.0 1913.0 1039.0 I can't do this
2015/04/10 - 01:23:35 Application closed
2015/04/10 - 01:23:41 initialized log file
screen resoluton: 1920.0 x 1080.0
set name: p
selected source file: 1_10.json
2015/04/10 - 01:23:41 displayed content of movie ID=1
panel positions:
65.0 24.0 1920.0 1080.0 - frame
65.0 24.0 1920.0 1080.0 - contentPane
70.0 29.0 977.0 1075.0 - leftPane
1007.0 29.0 1914.0 1075.0 - rightPane
70.0 83.0 977.0 223.0 - imdbTitlePane
70.0 277.0 977.0 417.0 - csfdTitlePane
70.0 471.0 977.0 1010.0 - descriptionPane
367.0 1019.0 679.0 1064.0 - footerPane
2015/04/10 - 01:23:41 Button positions:
523.0 1019.0 679.0 1064.0 - Next button
2015/04/10 - 01:23:41 Label positions:
70.0 29.0 977.0 83.0 - imdb title label
70.0 223.0 977.0 277.0 - csfd title label
70.0 417.0 977.0 471.0 - description label
367.0 1019.0 523.0 1064.0 - id label
2015/04/10 - 01:23:41 IMDB Title text positions:
75.0 88.0 183.0 123.0 Príchod
188.0 88.0 268.0 123.0 vlaku
273.0 88.0 311.0 123.0 do
316.0 88.0 424.0 123.0 stanice
429.0 88.0 467.0 123.0 La
472.0 88.0 566.0 123.0 Ciotat
2015/04/10 - 01:23:41 CSFD Title text positions:
75.0 282.0 183.0 317.0 Arrivée
188.0 282.0 254.0 317.0 d'un
259.0 282.0 339.0 317.0 train
344.0 282.0 368.0 317.0 à
373.0 282.0 411.0 317.0 la
416.0 282.0 524.0 317.0 Ciotat,
529.0 282.0 567.0 317.0 L'
2015/04/10 - 01:23:41 Description text positions:
75.0 476.0 99.0 511.0 A
104.0 476.0 184.0 511.0 group
189.0 476.0 227.0 511.0 of
232.0 476.0 326.0 511.0 people
331.0 476.0 383.0 511.0 are
388.0 476.0 510.0 511.0 standing
515.0 476.0 553.0 511.0 in
558.0 476.0 582.0 511.0 a
587.0 476.0 709.0 511.0 straight
714.0 476.0 780.0 511.0 line
785.0 476.0 865.0 511.0 along
870.0 476.0 922.0 511.0 the
75.0 516.0 197.0 551.0 platform
202.0 516.0 240.0 551.0 of
245.0 516.0 269.0 551.0 a
274.0 516.0 382.0 551.0 railway
387.0 516.0 509.0 551.0 station,
514.0 516.0 622.0 551.0 waiting
627.0 516.0 679.0 551.0 for
684.0 516.0 708.0 551.0 a
713.0 516.0 807.0 551.0 train,
812.0 516.0 892.0 551.0 which
897.0 516.0 935.0 551.0 is
75.0 556.0 141.0 591.0 seen
146.0 556.0 240.0 591.0 coming
245.0 556.0 283.0 591.0 at
288.0 556.0 354.0 591.0 some
359.0 556.0 495.0 591.0 distance.
500.0 556.0 566.0 591.0 When
571.0 556.0 623.0 591.0 the
628.0 556.0 708.0 591.0 train
713.0 556.0 793.0 591.0 stops
798.0 556.0 836.0 591.0 at
841.0 556.0 893.0 591.0 the
75.0 596.0 211.0 631.0 platform,
216.0 596.0 268.0 631.0 the
273.0 596.0 339.0 631.0 line
344.0 596.0 494.0 631.0 dissolves.
499.0 596.0 551.0 631.0 The
556.0 596.0 636.0 631.0 doors
641.0 596.0 679.0 631.0 of
684.0 596.0 736.0 631.0 the
741.0 596.0 919.0 631.0 railway-cars
75.0 636.0 155.0 671.0 open,
160.0 636.0 212.0 671.0 and
217.0 636.0 311.0 671.0 people
316.0 636.0 354.0 671.0 on
359.0 636.0 411.0 671.0 the
416.0 636.0 538.0 671.0 platform
543.0 636.0 609.0 671.0 help
614.0 636.0 764.0 671.0 passengers
769.0 636.0 807.0 671.0 to
812.0 636.0 864.0 671.0 get
869.0 636.0 935.0 671.0 off.
2015/04/10 - 01:23:41 Category positions:
1037.0 84.0 1465.0 129.0 Technology
1485.0 84.0 1913.0 129.0 Mystery
1037.0 149.0 1465.0 194.0 Science
1485.0 149.0 1913.0 194.0 Catastrophic
1037.0 214.0 1465.0 259.0 Nature
1485.0 214.0 1913.0 259.0 Animals
1037.0 279.0 1465.0 324.0 Geography
1485.0 279.0 1913.0 324.0 Adventure
1037.0 344.0 1465.0 389.0 Environment
1485.0 344.0 1913.0 389.0 Traveling
1037.0 409.0 1465.0 454.0 Health
1485.0 409.0 1913.0 454.0 Drugs
1037.0 474.0 1465.0 519.0 Economics
1485.0 474.0 1913.0 519.0 Crime
1037.0 539.0 1465.0 584.0 Politics
1485.0 539.0 1913.0 584.0 Biography
1037.0 604.0 1465.0 649.0 Society
1485.0 604.0 1913.0 649.0 Religio
1037.0 669.0 1465.0 714.0 Culture
1485.0 669.0 1913.0 714.0 Psychology
1037.0 734.0 1465.0 779.0 Philosophy
1485.0 734.0 1913.0 779.0 Art and Artists
1037.0 799.0 1465.0 844.0 History
1485.0 799.0 1913.0 844.0 Conspiracy
1037.0 864.0 1465.0 909.0 Military and War
1485.0 864.0 1913.0 909.0 Media
1037.0 929.0 1465.0 974.0 Comedy
1485.0 929.0 1913.0 974.0 Housing
1037.0 994.0 1465.0 1039.0 Sports
1485.0 994.0 1913.0 1039.0 I can't do this
2015/04/10 - 01:24:15 Application closed
2015/04/10 - 01:24:27 initialized log file
screen resoluton: 1920.0 x 1080.0
set name: p
selected source file: 1_10.json
2015/04/10 - 01:24:27 displayed content of movie ID=1
panel positions:
65.0 24.0 1920.0 1080.0 - frame
65.0 24.0 1920.0 1080.0 - contentPane
70.0 29.0 977.0 1075.0 - leftPane
1007.0 29.0 1914.0 1075.0 - rightPane
70.0 83.0 977.0 223.0 - imdbTitlePane
70.0 277.0 977.0 417.0 - csfdTitlePane
70.0 471.0 977.0 1010.0 - descriptionPane
367.0 1019.0 679.0 1064.0 - footerPane
2015/04/10 - 01:24:27 Button positions:
523.0 1019.0 679.0 1064.0 - Next button
2015/04/10 - 01:24:27 Label positions:
70.0 29.0 977.0 83.0 - imdb title label
70.0 223.0 977.0 277.0 - csfd title label
70.0 417.0 977.0 471.0 - description label
367.0 1019.0 523.0 1064.0 - id label
2015/04/10 - 01:24:27 IMDB Title text positions:
75.0 88.0 183.0 123.0 Príchod
188.0 88.0 268.0 123.0 vlaku
273.0 88.0 311.0 123.0 do
316.0 88.0 424.0 123.0 stanice
429.0 88.0 467.0 123.0 La
472.0 88.0 566.0 123.0 Ciotat
2015/04/10 - 01:24:27 CSFD Title text positions:
75.0 282.0 183.0 317.0 Arrivée
188.0 282.0 254.0 317.0 d'un
259.0 282.0 339.0 317.0 train
344.0 282.0 368.0 317.0 à
373.0 282.0 411.0 317.0 la
416.0 282.0 524.0 317.0 Ciotat,
529.0 282.0 567.0 317.0 L'
2015/04/10 - 01:24:27 Description text positions:
75.0 476.0 99.0 511.0 A
104.0 476.0 184.0 511.0 group
189.0 476.0 227.0 511.0 of
232.0 476.0 326.0 511.0 people
331.0 476.0 383.0 511.0 are
388.0 476.0 510.0 511.0 standing
515.0 476.0 553.0 511.0 in
558.0 476.0 582.0 511.0 a
587.0 476.0 709.0 511.0 straight
714.0 476.0 780.0 511.0 line
785.0 476.0 865.0 511.0 along
870.0 476.0 922.0 511.0 the
75.0 516.0 197.0 551.0 platform
202.0 516.0 240.0 551.0 of
245.0 516.0 269.0 551.0 a
274.0 516.0 382.0 551.0 railway
387.0 516.0 509.0 551.0 station,
514.0 516.0 622.0 551.0 waiting
627.0 516.0 679.0 551.0 for
684.0 516.0 708.0 551.0 a
713.0 516.0 807.0 551.0 train,
812.0 516.0 892.0 551.0 which
897.0 516.0 935.0 551.0 is
75.0 556.0 141.0 591.0 seen
146.0 556.0 240.0 591.0 coming
245.0 556.0 283.0 591.0 at
288.0 556.0 354.0 591.0 some
359.0 556.0 495.0 591.0 distance.
500.0 556.0 566.0 591.0 When
571.0 556.0 623.0 591.0 the
628.0 556.0 708.0 591.0 train
713.0 556.0 793.0 591.0 stops
798.0 556.0 836.0 591.0 at
841.0 556.0 893.0 591.0 the
75.0 596.0 211.0 631.0 platform,
216.0 596.0 268.0 631.0 the
273.0 596.0 339.0 631.0 line
344.0 596.0 494.0 631.0 dissolves.
499.0 596.0 551.0 631.0 The
556.0 596.0 636.0 631.0 doors
641.0 596.0 679.0 631.0 of
684.0 596.0 736.0 631.0 the
741.0 596.0 919.0 631.0 railway-cars
75.0 636.0 155.0 671.0 open,
160.0 636.0 212.0 671.0 and
217.0 636.0 311.0 671.0 people
316.0 636.0 354.0 671.0 on
359.0 636.0 411.0 671.0 the
416.0 636.0 538.0 671.0 platform
543.0 636.0 609.0 671.0 help
614.0 636.0 764.0 671.0 passengers
769.0 636.0 807.0 671.0 to
812.0 636.0 864.0 671.0 get
869.0 636.0 935.0 671.0 off.
2015/04/10 - 01:24:27 Category positions:
1037.0 84.0 1465.0 129.0 Technology
1485.0 84.0 1913.0 129.0 Mystery
1037.0 149.0 1465.0 194.0 Science
1485.0 149.0 1913.0 194.0 Catastrophic
1037.0 214.0 1465.0 259.0 Nature
1485.0 214.0 1913.0 259.0 Animals
1037.0 279.0 1465.0 324.0 Geography
1485.0 279.0 1913.0 324.0 Adventure
1037.0 344.0 1465.0 389.0 Environment
1485.0 344.0 1913.0 389.0 Traveling
1037.0 409.0 1465.0 454.0 Health
1485.0 409.0 1913.0 454.0 Drugs
1037.0 474.0 1465.0 519.0 Economics
1485.0 474.0 1913.0 519.0 Crime
1037.0 539.0 1465.0 584.0 Politics
1485.0 539.0 1913.0 584.0 Biography
1037.0 604.0 1465.0 649.0 Society
1485.0 604.0 1913.0 649.0 Religion
1037.0 669.0 1465.0 714.0 Culture
1485.0 669.0 1913.0 714.0 Psychology
1037.0 734.0 1465.0 779.0 Philosophy
1485.0 734.0 1913.0 779.0 Art and Artists
1037.0 799.0 1465.0 844.0 History
1485.0 799.0 1913.0 844.0 Conspiracy
1037.0 864.0 1465.0 909.0 Military and War
1485.0 864.0 1913.0 909.0 Media
1037.0 929.0 1465.0 974.0 Comedy
1485.0 929.0 1913.0 974.0 Housing
1037.0 994.0 1465.0 1039.0 Sports
1485.0 994.0 1913.0 1039.0 I can't do this
2015/04/10 - 01:25:05 Clicked button val=Philosophy and set as primary category
2015/04/10 - 01:25:06 Clicked button val=Philosophy and set as secondary category
2015/04/10 - 01:25:06 Clicked button val=Philosophy and set as deselected
2015/04/10 - 01:25:10 Application closed
2015/04/10 - 01:33:21 initialized log file
screen resoluton: 1920.0 x 1080.0
set name: p
selected source file: 1_10.json
2015/04/10 - 01:33:21 displayed content of movie ID=1
panel positions:
65.0 24.0 1920.0 1080.0 - frame
65.0 24.0 1920.0 1080.0 - contentPane
70.0 29.0 977.0 1075.0 - leftPane
1007.0 29.0 1914.0 1075.0 - rightPane
70.0 83.0 977.0 223.0 - imdbTitlePane
70.0 277.0 977.0 417.0 - csfdTitlePane
70.0 471.0 977.0 1010.0 - descriptionPane
367.0 1019.0 679.0 1064.0 - footerPane
2015/04/10 - 01:33:21 Button positions:
523.0 1019.0 679.0 1064.0 - Next button
2015/04/10 - 01:33:21 Label positions:
70.0 29.0 977.0 83.0 - imdb title label
70.0 223.0 977.0 277.0 - csfd title label
70.0 417.0 977.0 471.0 - description label
367.0 1019.0 523.0 1064.0 - id label
2015/04/10 - 01:33:21 IMDB Title text positions:
75.0 88.0 183.0 123.0 Príchod
188.0 88.0 268.0 123.0 vlaku
273.0 88.0 311.0 123.0 do
316.0 88.0 424.0 123.0 stanice
429.0 88.0 467.0 123.0 La
472.0 88.0 566.0 123.0 Ciotat
2015/04/10 - 01:33:21 CSFD Title text positions:
75.0 282.0 183.0 317.0 Arrivée
188.0 282.0 254.0 317.0 d'un
259.0 282.0 339.0 317.0 train
344.0 282.0 368.0 317.0 à
373.0 282.0 411.0 317.0 la
416.0 282.0 524.0 317.0 Ciotat,
529.0 282.0 567.0 317.0 L'
2015/04/10 - 01:33:21 Description text positions:
75.0 476.0 99.0 511.0 A
104.0 476.0 184.0 511.0 group
189.0 476.0 227.0 511.0 of
232.0 476.0 326.0 511.0 people
331.0 476.0 383.0 511.0 are
388.0 476.0 510.0 511.0 standing
515.0 476.0 553.0 511.0 in
558.0 476.0 582.0 511.0 a
587.0 476.0 709.0 511.0 straight
714.0 476.0 780.0 511.0 line
785.0 476.0 865.0 511.0 along
870.0 476.0 922.0 511.0 the
75.0 516.0 197.0 551.0 platform
202.0 516.0 240.0 551.0 of
245.0 516.0 269.0 551.0 a
274.0 516.0 382.0 551.0 railway
387.0 516.0 509.0 551.0 station,
514.0 516.0 622.0 551.0 waiting
627.0 516.0 679.0 551.0 for
684.0 516.0 708.0 551.0 a
713.0 516.0 807.0 551.0 train,
812.0 516.0 892.0 551.0 which
897.0 516.0 935.0 551.0 is
75.0 556.0 141.0 591.0 seen
146.0 556.0 240.0 591.0 coming
245.0 556.0 283.0 591.0 at
288.0 556.0 354.0 591.0 some
359.0 556.0 495.0 591.0 distance.
500.0 556.0 566.0 591.0 When
571.0 556.0 623.0 591.0 the
628.0 556.0 708.0 591.0 train
713.0 556.0 793.0 591.0 stops
798.0 556.0 836.0 591.0 at
841.0 556.0 893.0 591.0 the
75.0 596.0 211.0 631.0 platform,
216.0 596.0 268.0 631.0 the
273.0 596.0 339.0 631.0 line
344.0 596.0 494.0 631.0 dissolves.
499.0 596.0 551.0 631.0 The
556.0 596.0 636.0 631.0 doors
641.0 596.0 679.0 631.0 of
684.0 596.0 736.0 631.0 the
741.0 596.0 919.0 631.0 railway-cars
75.0 636.0 155.0 671.0 open,
160.0 636.0 212.0 671.0 and
217.0 636.0 311.0 671.0 people
316.0 636.0 354.0 671.0 on
359.0 636.0 411.0 671.0 the
416.0 636.0 538.0 671.0 platform
543.0 636.0 609.0 671.0 help
614.0 636.0 764.0 671.0 passengers
769.0 636.0 807.0 671.0 to
812.0 636.0 864.0 671.0 get
869.0 636.0 935.0 671.0 off.
2015/04/10 - 01:33:21 Category positions:
1037.0 84.0 1465.0 129.0 Technology
1485.0 84.0 1913.0 129.0 Mystery
1037.0 149.0 1465.0 194.0 Science
1485.0 149.0 1913.0 194.0 Catastrophic
1037.0 214.0 1465.0 259.0 Nature
1485.0 214.0 1913.0 259.0 Animals
1037.0 279.0 1465.0 324.0 Geography
1485.0 279.0 1913.0 324.0 Adventure
1037.0 344.0 1465.0 389.0 Environment
1485.0 344.0 1913.0 389.0 Traveling
1037.0 409.0 1465.0 454.0 Health
1485.0 409.0 1913.0 454.0 Drugs
1037.0 474.0 1465.0 519.0 Economics
1485.0 474.0 1913.0 519.0 Crime
1037.0 539.0 1465.0 584.0 Politics
1485.0 539.0 1913.0 584.0 Biography
1037.0 604.0 1465.0 649.0 Society
1485.0 604.0 1913.0 649.0 Religion
1037.0 669.0 1465.0 714.0 Culture
1485.0 669.0 1913.0 714.0 Psychology
1037.0 734.0 1465.0 779.0 Philosophy
1485.0 734.0 1913.0 779.0 Art and Artists
1037.0 799.0 1465.0 844.0 History
1485.0 799.0 1913.0 844.0 Conspiracy
1037.0 864.0 1465.0 909.0 Military and War
1485.0 864.0 1913.0 909.0 Media
1037.0 929.0 1465.0 974.0 Comedy
1485.0 929.0 1913.0 974.0 Housing
1037.0 994.0 1465.0 1039.0 Sports
1485.0 994.0 1913.0 1039.0 I can't do this
2015/04/10 - 01:33:23 Application closed
