2015/04/10 - 11:25:23 initialized log file
screen resoluton: 1920.0 x 1080.0
set name: peter
selected source file: 1_10.json
2015/04/10 - 11:25:23 displayed content of movie ID=1
panel positions:
65.0 24.0 1920.0 1080.0 - frame
65.0 24.0 1920.0 1080.0 - contentPane
70.0 29.0 977.0 1075.0 - leftPane
1007.0 29.0 1914.0 1075.0 - rightPane
70.0 83.0 977.0 223.0 - imdbTitlePane
70.0 277.0 977.0 417.0 - csfdTitlePane
70.0 471.0 977.0 1010.0 - descriptionPane
367.0 1019.0 679.0 1064.0 - footerPane
2015/04/10 - 11:25:23 Button positions:
523.0 1019.0 679.0 1064.0 - Next button
2015/04/10 - 11:25:23 Label positions:
70.0 29.0 977.0 83.0 - imdb title label
70.0 223.0 977.0 277.0 - csfd title label
70.0 417.0 977.0 471.0 - description label
367.0 1019.0 523.0 1064.0 - id label
2015/04/10 - 11:25:23 IMDB Title text positions:
75.0 88.0 183.0 123.0 Príchod
188.0 88.0 268.0 123.0 vlaku
273.0 88.0 311.0 123.0 do
316.0 88.0 424.0 123.0 stanice
429.0 88.0 467.0 123.0 La
472.0 88.0 566.0 123.0 Ciotat
2015/04/10 - 11:25:23 CSFD Title text positions:
75.0 282.0 183.0 317.0 Arrivée
188.0 282.0 254.0 317.0 d'un
259.0 282.0 339.0 317.0 train
344.0 282.0 368.0 317.0 à
373.0 282.0 411.0 317.0 la
416.0 282.0 524.0 317.0 Ciotat,
529.0 282.0 567.0 317.0 L'
2015/04/10 - 11:25:23 Description text positions:
75.0 476.0 99.0 511.0 A
104.0 476.0 184.0 511.0 group
189.0 476.0 227.0 511.0 of
232.0 476.0 326.0 511.0 people
331.0 476.0 383.0 511.0 are
388.0 476.0 510.0 511.0 standing
515.0 476.0 553.0 511.0 in
558.0 476.0 582.0 511.0 a
587.0 476.0 709.0 511.0 straight
714.0 476.0 780.0 511.0 line
785.0 476.0 865.0 511.0 along
870.0 476.0 922.0 511.0 the
75.0 516.0 197.0 551.0 platform
202.0 516.0 240.0 551.0 of
245.0 516.0 269.0 551.0 a
274.0 516.0 382.0 551.0 railway
387.0 516.0 509.0 551.0 station,
514.0 516.0 622.0 551.0 waiting
627.0 516.0 679.0 551.0 for
684.0 516.0 708.0 551.0 a
713.0 516.0 807.0 551.0 train,
812.0 516.0 892.0 551.0 which
897.0 516.0 935.0 551.0 is
75.0 556.0 141.0 591.0 seen
146.0 556.0 240.0 591.0 coming
245.0 556.0 283.0 591.0 at
288.0 556.0 354.0 591.0 some
359.0 556.0 495.0 591.0 distance.
500.0 556.0 566.0 591.0 When
571.0 556.0 623.0 591.0 the
628.0 556.0 708.0 591.0 train
713.0 556.0 793.0 591.0 stops
798.0 556.0 836.0 591.0 at
841.0 556.0 893.0 591.0 the
75.0 596.0 211.0 631.0 platform,
216.0 596.0 268.0 631.0 the
273.0 596.0 339.0 631.0 line
344.0 596.0 494.0 631.0 dissolves.
499.0 596.0 551.0 631.0 The
556.0 596.0 636.0 631.0 doors
641.0 596.0 679.0 631.0 of
684.0 596.0 736.0 631.0 the
741.0 596.0 919.0 631.0 railway-cars
75.0 636.0 155.0 671.0 open,
160.0 636.0 212.0 671.0 and
217.0 636.0 311.0 671.0 people
316.0 636.0 354.0 671.0 on
359.0 636.0 411.0 671.0 the
416.0 636.0 538.0 671.0 platform
543.0 636.0 609.0 671.0 help
614.0 636.0 764.0 671.0 passengers
769.0 636.0 807.0 671.0 to
812.0 636.0 864.0 671.0 get
869.0 636.0 935.0 671.0 off.
2015/04/10 - 11:25:23 Category positions:
1037.0 84.0 1465.0 129.0 Technology
1485.0 84.0 1913.0 129.0 Comedy
1037.0 149.0 1465.0 194.0 History
1485.0 149.0 1913.0 194.0 Nature
1037.0 214.0 1465.0 259.0 Crime
1485.0 214.0 1913.0 259.0 Art and Artists
1037.0 279.0 1465.0 324.0 Traveling
1485.0 279.0 1913.0 324.0 Politics
1037.0 344.0 1465.0 389.0 Environment
1485.0 344.0 1913.0 389.0 Military and War
1037.0 409.0 1465.0 454.0 Society
1485.0 409.0 1913.0 454.0 Religion
1037.0 474.0 1465.0 519.0 Media
1485.0 474.0 1913.0 519.0 Animals
1037.0 539.0 1465.0 584.0 Biography
1485.0 539.0 1913.0 584.0 Culture
1037.0 604.0 1465.0 649.0 Psychology
1485.0 604.0 1913.0 649.0 Geography
1037.0 669.0 1465.0 714.0 Conspiracy
1485.0 669.0 1913.0 714.0 Health
1037.0 734.0 1465.0 779.0 Adventure
1485.0 734.0 1913.0 779.0 Science
1037.0 799.0 1465.0 844.0 Philosophy
1485.0 799.0 1913.0 844.0 Economics
1037.0 864.0 1465.0 909.0 Drugs
1485.0 864.0 1913.0 909.0 Housing
1037.0 929.0 1465.0 974.0 I can't do this
1485.0 929.0 1913.0 974.0 Mystery
1037.0 994.0 1465.0 1039.0 Catastriphic
1485.0 994.0 1913.0 1039.0 Sports
2015/04/10 - 11:25:29 Application closed
2015/04/10 - 01:16:03 initialized log file
screen resoluton: 1920.0 x 1080.0
set name: peter
selected source file: 1_10.json
2015/04/10 - 01:16:03 displayed content of movie ID=1
panel positions:
65.0 24.0 1920.0 1080.0 - frame
65.0 24.0 1920.0 1080.0 - contentPane
70.0 29.0 977.0 1075.0 - leftPane
1007.0 29.0 1914.0 1075.0 - rightPane
70.0 83.0 977.0 223.0 - imdbTitlePane
70.0 277.0 977.0 417.0 - csfdTitlePane
70.0 471.0 977.0 1010.0 - descriptionPane
367.0 1019.0 679.0 1064.0 - footerPane
2015/04/10 - 01:16:03 Button positions:
523.0 1019.0 679.0 1064.0 - Next button
2015/04/10 - 01:16:03 Label positions:
70.0 29.0 977.0 83.0 - imdb title label
70.0 223.0 977.0 277.0 - csfd title label
70.0 417.0 977.0 471.0 - description label
367.0 1019.0 523.0 1064.0 - id label
2015/04/10 - 01:16:03 IMDB Title text positions:
75.0 88.0 183.0 123.0 Príchod
188.0 88.0 268.0 123.0 vlaku
273.0 88.0 311.0 123.0 do
316.0 88.0 424.0 123.0 stanice
429.0 88.0 467.0 123.0 La
472.0 88.0 566.0 123.0 Ciotat
2015/04/10 - 01:16:03 CSFD Title text positions:
75.0 282.0 183.0 317.0 Arrivée
188.0 282.0 254.0 317.0 d'un
259.0 282.0 339.0 317.0 train
344.0 282.0 368.0 317.0 à
373.0 282.0 411.0 317.0 la
416.0 282.0 524.0 317.0 Ciotat,
529.0 282.0 567.0 317.0 L'
2015/04/10 - 01:16:03 Description text positions:
75.0 476.0 99.0 511.0 A
104.0 476.0 184.0 511.0 group
189.0 476.0 227.0 511.0 of
232.0 476.0 326.0 511.0 people
331.0 476.0 383.0 511.0 are
388.0 476.0 510.0 511.0 standing
515.0 476.0 553.0 511.0 in
558.0 476.0 582.0 511.0 a
587.0 476.0 709.0 511.0 straight
714.0 476.0 780.0 511.0 line
785.0 476.0 865.0 511.0 along
870.0 476.0 922.0 511.0 the
75.0 516.0 197.0 551.0 platform
202.0 516.0 240.0 551.0 of
245.0 516.0 269.0 551.0 a
274.0 516.0 382.0 551.0 railway
387.0 516.0 509.0 551.0 station,
514.0 516.0 622.0 551.0 waiting
627.0 516.0 679.0 551.0 for
684.0 516.0 708.0 551.0 a
713.0 516.0 807.0 551.0 train,
812.0 516.0 892.0 551.0 which
897.0 516.0 935.0 551.0 is
75.0 556.0 141.0 591.0 seen
146.0 556.0 240.0 591.0 coming
245.0 556.0 283.0 591.0 at
288.0 556.0 354.0 591.0 some
359.0 556.0 495.0 591.0 distance.
500.0 556.0 566.0 591.0 When
571.0 556.0 623.0 591.0 the
628.0 556.0 708.0 591.0 train
713.0 556.0 793.0 591.0 stops
798.0 556.0 836.0 591.0 at
841.0 556.0 893.0 591.0 the
75.0 596.0 211.0 631.0 platform,
216.0 596.0 268.0 631.0 the
273.0 596.0 339.0 631.0 line
344.0 596.0 494.0 631.0 dissolves.
499.0 596.0 551.0 631.0 The
556.0 596.0 636.0 631.0 doors
641.0 596.0 679.0 631.0 of
684.0 596.0 736.0 631.0 the
741.0 596.0 919.0 631.0 railway-cars
75.0 636.0 155.0 671.0 open,
160.0 636.0 212.0 671.0 and
217.0 636.0 311.0 671.0 people
316.0 636.0 354.0 671.0 on
359.0 636.0 411.0 671.0 the
416.0 636.0 538.0 671.0 platform
543.0 636.0 609.0 671.0 help
614.0 636.0 764.0 671.0 passengers
769.0 636.0 807.0 671.0 to
812.0 636.0 864.0 671.0 get
869.0 636.0 935.0 671.0 off.
2015/04/10 - 01:16:03 Category positions:
1037.0 84.0 1465.0 129.0 Technology
1485.0 84.0 1913.0 129.0 Science
1037.0 149.0 1465.0 194.0 Nature
1485.0 149.0 1913.0 194.0 Geography
1037.0 214.0 1465.0 259.0 Environment
1485.0 214.0 1913.0 259.0 Health
1037.0 279.0 1465.0 324.0 Economics
1485.0 279.0 1913.0 324.0 Politics
1037.0 344.0 1465.0 389.0 Society
1485.0 344.0 1913.0 389.0 Culture
1037.0 409.0 1465.0 454.0 Philosophy
1485.0 409.0 1913.0 454.0 History
1037.0 474.0 1465.0 519.0 Military and War
1485.0 474.0 1913.0 519.0 Comedy
1037.0 539.0 1465.0 584.0 Sports
1485.0 539.0 1913.0 584.0 Mystery
1037.0 604.0 1465.0 649.0 Catastrophic
1485.0 604.0 1913.0 649.0 Animals
1037.0 669.0 1465.0 714.0 Adventure
1485.0 669.0 1913.0 714.0 Traveling
1037.0 734.0 1465.0 779.0 Drugs
1485.0 734.0 1913.0 779.0 Crime
1037.0 799.0 1465.0 844.0 Bigraphy
1485.0 799.0 1913.0 844.0 Religion
1037.0 864.0 1465.0 909.0 Psychology
1485.0 864.0 1913.0 909.0 Art and Artists
1037.0 929.0 1465.0 974.0 Conspiracy
1485.0 929.0 1913.0 974.0 Media
1037.0 994.0 1465.0 1039.0 Housing
1485.0 994.0 1913.0 1039.0 I can't do this
2015/04/10 - 01:16:45 Application closed
