2015/06/03 - 01:10:15 initialized log file
screen resoluton: 1920.0 x 1080.0
set name: x
selected source file: 1_10.json
2015/06/03 - 01:10:15 displayed content of movie ID=1
panel positions:
65.0 24.0 1920.0 1080.0 - frame
65.0 24.0 1920.0 1080.0 - contentPane
70.0 29.0 977.0 1075.0 - leftPane
1007.0 29.0 1914.0 1075.0 - rightPane
70.0 84.0 977.0 225.0 - imdbTitlePane
70.0 279.0 977.0 420.0 - csfdTitlePane
70.0 474.0 977.0 1021.0 - descriptionPane
198.0 1030.0 848.0 1063.0 - footerPane
2015/06/03 - 01:10:15 Button positions:
468.0 1030.0 578.0 1063.0 - Next button 100
603.0 1030.0 713.0 1063.0 - Next button 200
738.0 1030.0 848.0 1063.0 - Next button 300
2015/06/03 - 01:10:15 Label positions:
70.0 30.0 977.0 84.0 - imdb title label
70.0 225.0 977.0 279.0 - csfd title label
70.0 420.0 977.0 474.0 - description label
333.0 1030.0 443.0 1063.0 - id label
198.0 1030.0 308.0 1063.0 - pos label
2015/06/03 - 01:10:15 IMDB Title text positions:
75.0 89.0 183.0 124.0 Príchod
188.0 89.0 268.0 124.0 vlaku
273.0 89.0 311.0 124.0 do
316.0 89.0 424.0 124.0 stanice
429.0 89.0 467.0 124.0 La
472.0 89.0 566.0 124.0 Ciotat
2015/06/03 - 01:10:16 CSFD Title text positions:
75.0 284.0 183.0 319.0 Arrivée
188.0 284.0 254.0 319.0 d'un
259.0 284.0 339.0 319.0 train
344.0 284.0 368.0 319.0 à
373.0 284.0 411.0 319.0 la
416.0 284.0 524.0 319.0 Ciotat,
529.0 284.0 567.0 319.0 L'
2015/06/03 - 01:10:16 Description text positions:
75.0 479.0 99.0 514.0 A
104.0 479.0 184.0 514.0 group
189.0 479.0 227.0 514.0 of
232.0 479.0 326.0 514.0 people
331.0 479.0 383.0 514.0 are
388.0 479.0 510.0 514.0 standing
515.0 479.0 553.0 514.0 in
558.0 479.0 582.0 514.0 a
587.0 479.0 709.0 514.0 straight
714.0 479.0 780.0 514.0 line
785.0 479.0 865.0 514.0 along
870.0 479.0 922.0 514.0 the
75.0 519.0 197.0 554.0 platform
202.0 519.0 240.0 554.0 of
245.0 519.0 269.0 554.0 a
274.0 519.0 382.0 554.0 railway
387.0 519.0 509.0 554.0 station,
514.0 519.0 622.0 554.0 waiting
627.0 519.0 679.0 554.0 for
684.0 519.0 708.0 554.0 a
713.0 519.0 807.0 554.0 train,
812.0 519.0 892.0 554.0 which
897.0 519.0 935.0 554.0 is
75.0 559.0 141.0 594.0 seen
146.0 559.0 240.0 594.0 coming
245.0 559.0 283.0 594.0 at
288.0 559.0 354.0 594.0 some
359.0 559.0 495.0 594.0 distance.
500.0 559.0 566.0 594.0 When
571.0 559.0 623.0 594.0 the
628.0 559.0 708.0 594.0 train
713.0 559.0 793.0 594.0 stops
798.0 559.0 836.0 594.0 at
841.0 559.0 893.0 594.0 the
75.0 599.0 211.0 634.0 platform,
216.0 599.0 268.0 634.0 the
273.0 599.0 339.0 634.0 line
344.0 599.0 494.0 634.0 dissolves.
499.0 599.0 551.0 634.0 The
556.0 599.0 636.0 634.0 doors
641.0 599.0 679.0 634.0 of
684.0 599.0 736.0 634.0 the
741.0 599.0 919.0 634.0 railway-cars
75.0 639.0 155.0 674.0 open,
160.0 639.0 212.0 674.0 and
217.0 639.0 311.0 674.0 people
316.0 639.0 354.0 674.0 on
359.0 639.0 411.0 674.0 the
416.0 639.0 538.0 674.0 platform
543.0 639.0 609.0 674.0 help
614.0 639.0 764.0 674.0 passengers
769.0 639.0 807.0 674.0 to
812.0 639.0 864.0 674.0 get
869.0 639.0 935.0 674.0 off.
2015/06/03 - 01:10:16 Category positions:
1037.0 84.0 1465.0 129.0 Technology
1485.0 84.0 1913.0 129.0 Mystery
1037.0 149.0 1465.0 194.0 Science
1485.0 149.0 1913.0 194.0 Catastrophic
1037.0 214.0 1465.0 259.0 Nature
1485.0 214.0 1913.0 259.0 Animals
1037.0 279.0 1465.0 324.0 Geography
1485.0 279.0 1913.0 324.0 Adventure
1037.0 344.0 1465.0 389.0 Environment
1485.0 344.0 1913.0 389.0 Traveling
1037.0 409.0 1465.0 454.0 Health
1485.0 409.0 1913.0 454.0 Drugs
1037.0 474.0 1465.0 519.0 Economics
1485.0 474.0 1913.0 519.0 Crime
1037.0 539.0 1465.0 584.0 Politics
1485.0 539.0 1913.0 584.0 Biography
1037.0 604.0 1465.0 649.0 Society
1485.0 604.0 1913.0 649.0 Religion
1037.0 669.0 1465.0 714.0 Culture
1485.0 669.0 1913.0 714.0 Psychology
1037.0 734.0 1465.0 779.0 Philosophy
1485.0 734.0 1913.0 779.0 Art and Artists
1037.0 799.0 1465.0 844.0 History
1485.0 799.0 1913.0 844.0 Conspiracy
1037.0 864.0 1465.0 909.0 Military and War
1485.0 864.0 1913.0 909.0 Media
1037.0 929.0 1465.0 974.0 Comedy
1485.0 929.0 1913.0 974.0 Housing
1037.0 994.0 1465.0 1039.0 Sports
1485.0 994.0 1913.0 1039.0 I can't do this
2015/06/03 - 01:10:18 Application closed
2015/06/03 - 01:12:09 initialized log file
screen resoluton: 1920.0 x 1080.0
set name: x
selected source file: 1_10.json
2015/06/03 - 01:12:09 displayed content of movie ID=1
panel positions:
65.0 24.0 1920.0 1080.0 - frame
65.0 24.0 1920.0 1080.0 - contentPane
70.0 29.0 977.0 1075.0 - leftPane
1007.0 29.0 1914.0 1075.0 - rightPane
70.0 84.0 977.0 225.0 - imdbTitlePane
70.0 279.0 977.0 420.0 - csfdTitlePane
70.0 474.0 977.0 1021.0 - descriptionPane
198.0 1030.0 848.0 1063.0 - footerPane
2015/06/03 - 01:12:09 Button positions:
468.0 1030.0 578.0 1063.0 - Next button 100
603.0 1030.0 713.0 1063.0 - Next button 200
738.0 1030.0 848.0 1063.0 - Next button 300
2015/06/03 - 01:12:09 Label positions:
70.0 30.0 977.0 84.0 - imdb title label
70.0 225.0 977.0 279.0 - csfd title label
70.0 420.0 977.0 474.0 - description label
333.0 1030.0 443.0 1063.0 - id label
198.0 1030.0 308.0 1063.0 - pos label
2015/06/03 - 01:12:09 IMDB Title text positions:
75.0 89.0 183.0 124.0 Príchod
188.0 89.0 268.0 124.0 vlaku
273.0 89.0 311.0 124.0 do
316.0 89.0 424.0 124.0 stanice
429.0 89.0 467.0 124.0 La
472.0 89.0 566.0 124.0 Ciotat
2015/06/03 - 01:12:09 CSFD Title text positions:
75.0 284.0 183.0 319.0 Arrivée
188.0 284.0 254.0 319.0 d'un
259.0 284.0 339.0 319.0 train
344.0 284.0 368.0 319.0 à
373.0 284.0 411.0 319.0 la
416.0 284.0 524.0 319.0 Ciotat,
529.0 284.0 567.0 319.0 L'
2015/06/03 - 01:12:09 Description text positions:
75.0 479.0 99.0 514.0 A
104.0 479.0 184.0 514.0 group
189.0 479.0 227.0 514.0 of
232.0 479.0 326.0 514.0 people
331.0 479.0 383.0 514.0 are
388.0 479.0 510.0 514.0 standing
515.0 479.0 553.0 514.0 in
558.0 479.0 582.0 514.0 a
587.0 479.0 709.0 514.0 straight
714.0 479.0 780.0 514.0 line
785.0 479.0 865.0 514.0 along
870.0 479.0 922.0 514.0 the
75.0 519.0 197.0 554.0 platform
202.0 519.0 240.0 554.0 of
245.0 519.0 269.0 554.0 a
274.0 519.0 382.0 554.0 railway
387.0 519.0 509.0 554.0 station,
514.0 519.0 622.0 554.0 waiting
627.0 519.0 679.0 554.0 for
684.0 519.0 708.0 554.0 a
713.0 519.0 807.0 554.0 train,
812.0 519.0 892.0 554.0 which
897.0 519.0 935.0 554.0 is
75.0 559.0 141.0 594.0 seen
146.0 559.0 240.0 594.0 coming
245.0 559.0 283.0 594.0 at
288.0 559.0 354.0 594.0 some
359.0 559.0 495.0 594.0 distance.
500.0 559.0 566.0 594.0 When
571.0 559.0 623.0 594.0 the
628.0 559.0 708.0 594.0 train
713.0 559.0 793.0 594.0 stops
798.0 559.0 836.0 594.0 at
841.0 559.0 893.0 594.0 the
75.0 599.0 211.0 634.0 platform,
216.0 599.0 268.0 634.0 the
273.0 599.0 339.0 634.0 line
344.0 599.0 494.0 634.0 dissolves.
499.0 599.0 551.0 634.0 The
556.0 599.0 636.0 634.0 doors
641.0 599.0 679.0 634.0 of
684.0 599.0 736.0 634.0 the
741.0 599.0 919.0 634.0 railway-cars
75.0 639.0 155.0 674.0 open,
160.0 639.0 212.0 674.0 and
217.0 639.0 311.0 674.0 people
316.0 639.0 354.0 674.0 on
359.0 639.0 411.0 674.0 the
416.0 639.0 538.0 674.0 platform
543.0 639.0 609.0 674.0 help
614.0 639.0 764.0 674.0 passengers
769.0 639.0 807.0 674.0 to
812.0 639.0 864.0 674.0 get
869.0 639.0 935.0 674.0 off.
2015/06/03 - 01:12:09 Category positions:
1037.0 84.0 1465.0 129.0 Technology
1485.0 84.0 1913.0 129.0 Mystery
1037.0 149.0 1465.0 194.0 Science
1485.0 149.0 1913.0 194.0 Catastrophic
1037.0 214.0 1465.0 259.0 Nature
1485.0 214.0 1913.0 259.0 Animals
1037.0 279.0 1465.0 324.0 Geography
1485.0 279.0 1913.0 324.0 Adventure
1037.0 344.0 1465.0 389.0 Environment
1485.0 344.0 1913.0 389.0 Traveling
1037.0 409.0 1465.0 454.0 Health
1485.0 409.0 1913.0 454.0 Drugs
1037.0 474.0 1465.0 519.0 Economics
1485.0 474.0 1913.0 519.0 Crime
1037.0 539.0 1465.0 584.0 Politics
1485.0 539.0 1913.0 584.0 Biography
1037.0 604.0 1465.0 649.0 Society
1485.0 604.0 1913.0 649.0 Religion
1037.0 669.0 1465.0 714.0 Culture
1485.0 669.0 1913.0 714.0 Psychology
1037.0 734.0 1465.0 779.0 Philosophy
1485.0 734.0 1913.0 779.0 Art and Artists
1037.0 799.0 1465.0 844.0 History
1485.0 799.0 1913.0 844.0 Conspiracy
1037.0 864.0 1465.0 909.0 Military and War
1485.0 864.0 1913.0 909.0 Media
1037.0 929.0 1465.0 974.0 Comedy
1485.0 929.0 1913.0 974.0 Housing
1037.0 994.0 1465.0 1039.0 Sports
1485.0 994.0 1913.0 1039.0 I can't do this
2015/06/03 - 01:12:15 Application closed
2015/06/03 - 01:15:12 initialized log file
screen resoluton: 1920.0 x 1080.0
set name: x
selected source file: 1_10.json
2015/06/03 - 01:15:12 displayed content of movie ID=1
panel positions:
65.0 24.0 1920.0 1080.0 - frame
65.0 24.0 1920.0 1080.0 - contentPane
70.0 29.0 977.0 1075.0 - leftPane
1007.0 29.0 1914.0 1075.0 - rightPane
70.0 84.0 977.0 224.0 - imdbTitlePane
70.0 278.0 977.0 418.0 - csfdTitlePane
70.0 472.0 977.0 1014.0 - descriptionPane
143.0 1023.0 903.0 1064.0 - footerPane
2015/06/03 - 01:15:12 Button positions:
457.0 1023.0 589.0 1064.0 - Next button 100
614.0 1023.0 746.0 1064.0 - Next button 200
771.0 1023.0 903.0 1064.0 - Next button 300
2015/06/03 - 01:15:12 Label positions:
70.0 30.0 977.0 84.0 - imdb title label
70.0 224.0 977.0 278.0 - csfd title label
70.0 418.0 977.0 472.0 - description label
300.0 1023.0 432.0 1064.0 - id label
143.0 1023.0 275.0 1064.0 - pos label
2015/06/03 - 01:15:12 IMDB Title text positions:
75.0 89.0 183.0 124.0 Príchod
188.0 89.0 268.0 124.0 vlaku
273.0 89.0 311.0 124.0 do
316.0 89.0 424.0 124.0 stanice
429.0 89.0 467.0 124.0 La
472.0 89.0 566.0 124.0 Ciotat
2015/06/03 - 01:15:12 CSFD Title text positions:
75.0 283.0 183.0 318.0 Arrivée
188.0 283.0 254.0 318.0 d'un
259.0 283.0 339.0 318.0 train
344.0 283.0 368.0 318.0 à
373.0 283.0 411.0 318.0 la
416.0 283.0 524.0 318.0 Ciotat,
529.0 283.0 567.0 318.0 L'
2015/06/03 - 01:15:12 Description text positions:
75.0 477.0 99.0 512.0 A
104.0 477.0 184.0 512.0 group
189.0 477.0 227.0 512.0 of
232.0 477.0 326.0 512.0 people
331.0 477.0 383.0 512.0 are
388.0 477.0 510.0 512.0 standing
515.0 477.0 553.0 512.0 in
558.0 477.0 582.0 512.0 a
587.0 477.0 709.0 512.0 straight
714.0 477.0 780.0 512.0 line
785.0 477.0 865.0 512.0 along
870.0 477.0 922.0 512.0 the
75.0 517.0 197.0 552.0 platform
202.0 517.0 240.0 552.0 of
245.0 517.0 269.0 552.0 a
274.0 517.0 382.0 552.0 railway
387.0 517.0 509.0 552.0 station,
514.0 517.0 622.0 552.0 waiting
627.0 517.0 679.0 552.0 for
684.0 517.0 708.0 552.0 a
713.0 517.0 807.0 552.0 train,
812.0 517.0 892.0 552.0 which
897.0 517.0 935.0 552.0 is
75.0 557.0 141.0 592.0 seen
146.0 557.0 240.0 592.0 coming
245.0 557.0 283.0 592.0 at
288.0 557.0 354.0 592.0 some
359.0 557.0 495.0 592.0 distance.
500.0 557.0 566.0 592.0 When
571.0 557.0 623.0 592.0 the
628.0 557.0 708.0 592.0 train
713.0 557.0 793.0 592.0 stops
798.0 557.0 836.0 592.0 at
841.0 557.0 893.0 592.0 the
75.0 597.0 211.0 632.0 platform,
216.0 597.0 268.0 632.0 the
273.0 597.0 339.0 632.0 line
344.0 597.0 494.0 632.0 dissolves.
499.0 597.0 551.0 632.0 The
556.0 597.0 636.0 632.0 doors
641.0 597.0 679.0 632.0 of
684.0 597.0 736.0 632.0 the
741.0 597.0 919.0 632.0 railway-cars
75.0 637.0 155.0 672.0 open,
160.0 637.0 212.0 672.0 and
217.0 637.0 311.0 672.0 people
316.0 637.0 354.0 672.0 on
359.0 637.0 411.0 672.0 the
416.0 637.0 538.0 672.0 platform
543.0 637.0 609.0 672.0 help
614.0 637.0 764.0 672.0 passengers
769.0 637.0 807.0 672.0 to
812.0 637.0 864.0 672.0 get
869.0 637.0 935.0 672.0 off.
2015/06/03 - 01:15:12 Category positions:
1037.0 84.0 1465.0 129.0 Technology
1485.0 84.0 1913.0 129.0 Mystery
1037.0 149.0 1465.0 194.0 Science
1485.0 149.0 1913.0 194.0 Catastrophic
1037.0 214.0 1465.0 259.0 Nature
1485.0 214.0 1913.0 259.0 Animals
1037.0 279.0 1465.0 324.0 Geography
1485.0 279.0 1913.0 324.0 Adventure
1037.0 344.0 1465.0 389.0 Environment
1485.0 344.0 1913.0 389.0 Traveling
1037.0 409.0 1465.0 454.0 Health
1485.0 409.0 1913.0 454.0 Drugs
1037.0 474.0 1465.0 519.0 Economics
1485.0 474.0 1913.0 519.0 Crime
1037.0 539.0 1465.0 584.0 Politics
1485.0 539.0 1913.0 584.0 Biography
1037.0 604.0 1465.0 649.0 Society
1485.0 604.0 1913.0 649.0 Religion
1037.0 669.0 1465.0 714.0 Culture
1485.0 669.0 1913.0 714.0 Psychology
1037.0 734.0 1465.0 779.0 Philosophy
1485.0 734.0 1913.0 779.0 Art and Artists
1037.0 799.0 1465.0 844.0 History
1485.0 799.0 1913.0 844.0 Conspiracy
1037.0 864.0 1465.0 909.0 Military and War
1485.0 864.0 1913.0 909.0 Media
1037.0 929.0 1465.0 974.0 Comedy
1485.0 929.0 1913.0 974.0 Housing
1037.0 994.0 1465.0 1039.0 Sports
1485.0 994.0 1913.0 1039.0 I can't do this
2015/06/03 - 01:15:17 Application closed
2015/06/03 - 01:59:33 initialized log file
screen resoluton: 1920.0 x 1080.0
set name: x
selected source file: 1_10.json
2015/06/03 - 01:59:33 displayed content of movie ID=1
panel positions:
65.0 24.0 1920.0 1080.0 - frame
65.0 24.0 1920.0 1080.0 - contentPane
70.0 29.0 977.0 1075.0 - leftPane
1007.0 29.0 1914.0 1075.0 - rightPane
70.0 84.0 977.0 224.0 - imdbTitlePane
70.0 278.0 977.0 418.0 - csfdTitlePane
70.0 472.0 977.0 1014.0 - descriptionPane
133.0 1023.0 913.0 1064.0 - footerPane
2015/06/03 - 01:59:33 Button positions:
455.0 1023.0 591.0 1064.0 - Next button 100
616.0 1023.0 752.0 1064.0 - Next button 200
777.0 1023.0 913.0 1064.0 - Next button 300
2015/06/03 - 01:59:33 Label positions:
70.0 30.0 977.0 84.0 - imdb title label
70.0 224.0 977.0 278.0 - csfd title label
70.0 418.0 977.0 472.0 - description label
294.0 1023.0 430.0 1064.0 - id label
133.0 1023.0 269.0 1064.0 - pos label
2015/06/03 - 01:59:33 IMDB Title text positions:
75.0 89.0 183.0 124.0 Príchod
188.0 89.0 268.0 124.0 vlaku
273.0 89.0 311.0 124.0 do
316.0 89.0 424.0 124.0 stanice
429.0 89.0 467.0 124.0 La
472.0 89.0 566.0 124.0 Ciotat
2015/06/03 - 01:59:33 CSFD Title text positions:
75.0 283.0 183.0 318.0 Arrivée
188.0 283.0 254.0 318.0 d'un
259.0 283.0 339.0 318.0 train
344.0 283.0 368.0 318.0 à
373.0 283.0 411.0 318.0 la
416.0 283.0 524.0 318.0 Ciotat,
529.0 283.0 567.0 318.0 L'
2015/06/03 - 01:59:33 Description text positions:
75.0 477.0 99.0 512.0 A
104.0 477.0 184.0 512.0 group
189.0 477.0 227.0 512.0 of
232.0 477.0 326.0 512.0 people
331.0 477.0 383.0 512.0 are
388.0 477.0 510.0 512.0 standing
515.0 477.0 553.0 512.0 in
558.0 477.0 582.0 512.0 a
587.0 477.0 709.0 512.0 straight
714.0 477.0 780.0 512.0 line
785.0 477.0 865.0 512.0 along
870.0 477.0 922.0 512.0 the
75.0 517.0 197.0 552.0 platform
202.0 517.0 240.0 552.0 of
245.0 517.0 269.0 552.0 a
274.0 517.0 382.0 552.0 railway
387.0 517.0 509.0 552.0 station,
514.0 517.0 622.0 552.0 waiting
627.0 517.0 679.0 552.0 for
684.0 517.0 708.0 552.0 a
713.0 517.0 807.0 552.0 train,
812.0 517.0 892.0 552.0 which
897.0 517.0 935.0 552.0 is
75.0 557.0 141.0 592.0 seen
146.0 557.0 240.0 592.0 coming
245.0 557.0 283.0 592.0 at
288.0 557.0 354.0 592.0 some
359.0 557.0 495.0 592.0 distance.
500.0 557.0 566.0 592.0 When
571.0 557.0 623.0 592.0 the
628.0 557.0 708.0 592.0 train
713.0 557.0 793.0 592.0 stops
798.0 557.0 836.0 592.0 at
841.0 557.0 893.0 592.0 the
75.0 597.0 211.0 632.0 platform,
216.0 597.0 268.0 632.0 the
273.0 597.0 339.0 632.0 line
344.0 597.0 494.0 632.0 dissolves.
499.0 597.0 551.0 632.0 The
556.0 597.0 636.0 632.0 doors
641.0 597.0 679.0 632.0 of
684.0 597.0 736.0 632.0 the
741.0 597.0 919.0 632.0 railway-cars
75.0 637.0 155.0 672.0 open,
160.0 637.0 212.0 672.0 and
217.0 637.0 311.0 672.0 people
316.0 637.0 354.0 672.0 on
359.0 637.0 411.0 672.0 the
416.0 637.0 538.0 672.0 platform
543.0 637.0 609.0 672.0 help
614.0 637.0 764.0 672.0 passengers
769.0 637.0 807.0 672.0 to
812.0 637.0 864.0 672.0 get
869.0 637.0 935.0 672.0 off.
2015/06/03 - 01:59:33 Category positions:
1037.0 84.0 1465.0 129.0 Technology
1485.0 84.0 1913.0 129.0 Mystery
1037.0 149.0 1465.0 194.0 Science
1485.0 149.0 1913.0 194.0 Catastrophic
1037.0 214.0 1465.0 259.0 Nature
1485.0 214.0 1913.0 259.0 Animals
1037.0 279.0 1465.0 324.0 Geography
1485.0 279.0 1913.0 324.0 Adventure
1037.0 344.0 1465.0 389.0 Environment
1485.0 344.0 1913.0 389.0 Traveling
1037.0 409.0 1465.0 454.0 Health
1485.0 409.0 1913.0 454.0 Drugs
1037.0 474.0 1465.0 519.0 Economics
1485.0 474.0 1913.0 519.0 Crime
1037.0 539.0 1465.0 584.0 Politics
1485.0 539.0 1913.0 584.0 Biography
1037.0 604.0 1465.0 649.0 Society
1485.0 604.0 1913.0 649.0 Religion
1037.0 669.0 1465.0 714.0 Culture
1485.0 669.0 1913.0 714.0 Psychology
1037.0 734.0 1465.0 779.0 Philosophy
1485.0 734.0 1913.0 779.0 Art and Artists
1037.0 799.0 1465.0 844.0 History
1485.0 799.0 1913.0 844.0 Conspiracy
1037.0 864.0 1465.0 909.0 Military and War
1485.0 864.0 1913.0 909.0 Media
1037.0 929.0 1465.0 974.0 Comedy
1485.0 929.0 1913.0 974.0 Housing
1037.0 994.0 1465.0 1039.0 Sports
1485.0 994.0 1913.0 1039.0 I can't do this
2015/06/03 - 01:59:35 Application closed
2015/06/03 - 08:24:14 initialized log file
screen resoluton: 1920.0 x 1080.0
set name: x
selected source file: 1_10.json
2015/06/03 - 08:24:15 displayed content of movie ID=1
panel positions:
65.0 24.0 1920.0 1080.0 - frame
65.0 24.0 1920.0 1080.0 - contentPane
70.0 29.0 977.0 1075.0 - leftPane
1007.0 29.0 1914.0 1075.0 - rightPane
70.0 84.0 977.0 224.0 - imdbTitlePane
70.0 278.0 977.0 418.0 - csfdTitlePane
70.0 472.0 977.0 1014.0 - descriptionPane
133.0 1023.0 913.0 1064.0 - footerPane
2015/06/03 - 08:24:15 Button positions:
455.0 1023.0 591.0 1064.0 - Next button 100
616.0 1023.0 752.0 1064.0 - Next button 200
777.0 1023.0 913.0 1064.0 - Next button 300
2015/06/03 - 08:24:15 Label positions:
70.0 30.0 977.0 84.0 - imdb title label
70.0 224.0 977.0 278.0 - csfd title label
70.0 418.0 977.0 472.0 - description label
294.0 1023.0 430.0 1064.0 - id label
133.0 1023.0 269.0 1064.0 - pos label
2015/06/03 - 08:24:15 IMDB Title text positions:
75.0 89.0 183.0 124.0 Príchod
188.0 89.0 268.0 124.0 vlaku
273.0 89.0 311.0 124.0 do
316.0 89.0 424.0 124.0 stanice
429.0 89.0 467.0 124.0 La
472.0 89.0 566.0 124.0 Ciotat
2015/06/03 - 08:24:15 CSFD Title text positions:
75.0 283.0 183.0 318.0 Arrivée
188.0 283.0 254.0 318.0 d'un
259.0 283.0 339.0 318.0 train
344.0 283.0 368.0 318.0 à
373.0 283.0 411.0 318.0 la
416.0 283.0 524.0 318.0 Ciotat,
529.0 283.0 567.0 318.0 L'
2015/06/03 - 08:24:15 Description text positions:
75.0 477.0 99.0 512.0 A
104.0 477.0 184.0 512.0 group
189.0 477.0 227.0 512.0 of
232.0 477.0 326.0 512.0 people
331.0 477.0 383.0 512.0 are
388.0 477.0 510.0 512.0 standing
515.0 477.0 553.0 512.0 in
558.0 477.0 582.0 512.0 a
587.0 477.0 709.0 512.0 straight
714.0 477.0 780.0 512.0 line
785.0 477.0 865.0 512.0 along
870.0 477.0 922.0 512.0 the
75.0 517.0 197.0 552.0 platform
202.0 517.0 240.0 552.0 of
245.0 517.0 269.0 552.0 a
274.0 517.0 382.0 552.0 railway
387.0 517.0 509.0 552.0 station,
514.0 517.0 622.0 552.0 waiting
627.0 517.0 679.0 552.0 for
684.0 517.0 708.0 552.0 a
713.0 517.0 807.0 552.0 train,
812.0 517.0 892.0 552.0 which
897.0 517.0 935.0 552.0 is
75.0 557.0 141.0 592.0 seen
146.0 557.0 240.0 592.0 coming
245.0 557.0 283.0 592.0 at
288.0 557.0 354.0 592.0 some
359.0 557.0 495.0 592.0 distance.
500.0 557.0 566.0 592.0 When
571.0 557.0 623.0 592.0 the
628.0 557.0 708.0 592.0 train
713.0 557.0 793.0 592.0 stops
798.0 557.0 836.0 592.0 at
841.0 557.0 893.0 592.0 the
75.0 597.0 211.0 632.0 platform,
216.0 597.0 268.0 632.0 the
273.0 597.0 339.0 632.0 line
344.0 597.0 494.0 632.0 dissolves.
499.0 597.0 551.0 632.0 The
556.0 597.0 636.0 632.0 doors
641.0 597.0 679.0 632.0 of
684.0 597.0 736.0 632.0 the
741.0 597.0 919.0 632.0 railway-cars
75.0 637.0 155.0 672.0 open,
160.0 637.0 212.0 672.0 and
217.0 637.0 311.0 672.0 people
316.0 637.0 354.0 672.0 on
359.0 637.0 411.0 672.0 the
416.0 637.0 538.0 672.0 platform
543.0 637.0 609.0 672.0 help
614.0 637.0 764.0 672.0 passengers
769.0 637.0 807.0 672.0 to
812.0 637.0 864.0 672.0 get
869.0 637.0 935.0 672.0 off.
2015/06/03 - 08:24:15 Category positions:
1037.0 84.0 1465.0 129.0 Technology
1485.0 84.0 1913.0 129.0 Mystery
1037.0 149.0 1465.0 194.0 Science
1485.0 149.0 1913.0 194.0 Catastrophic
1037.0 214.0 1465.0 259.0 Nature
1485.0 214.0 1913.0 259.0 Animals
1037.0 279.0 1465.0 324.0 Geography
1485.0 279.0 1913.0 324.0 Adventure
1037.0 344.0 1465.0 389.0 Environment
1485.0 344.0 1913.0 389.0 Traveling
1037.0 409.0 1465.0 454.0 Health
1485.0 409.0 1913.0 454.0 Drugs
1037.0 474.0 1465.0 519.0 Economics
1485.0 474.0 1913.0 519.0 Crime
1037.0 539.0 1465.0 584.0 Politics
1485.0 539.0 1913.0 584.0 Biography
1037.0 604.0 1465.0 649.0 Society
1485.0 604.0 1913.0 649.0 Religion
1037.0 669.0 1465.0 714.0 Culture
1485.0 669.0 1913.0 714.0 Psychology
1037.0 734.0 1465.0 779.0 Philosophy
1485.0 734.0 1913.0 779.0 Art and Artists
1037.0 799.0 1465.0 844.0 History
1485.0 799.0 1913.0 844.0 Conspiracy
1037.0 864.0 1465.0 909.0 Military and War
1485.0 864.0 1913.0 909.0 Media
1037.0 929.0 1465.0 974.0 Comedy
1485.0 929.0 1913.0 974.0 Housing
1037.0 994.0 1465.0 1039.0 Sports
1485.0 994.0 1913.0 1039.0 I can't do this
2015/06/03 - 08:24:18 Application closed
